<?xml version="1.0" encoding="UTF-8"?>
<robot generator="Robot 7.3.2 (Python 3.14.0 on darwin)" generated="2025-11-15T20:57:35.932087" rpa="false" schemaversion="5">
<suite id="s1" name="Deposit Test" source="/Users/cholanuchkasemtanakitti/Public/workshop/CU_Bank-Robot_Framework/testcases/Deposit_Test.robot">
<kw name="Setup Browser" type="SETUP">
<kw name="Create Directory" owner="OperatingSystem">
<msg time="2025-11-15T20:57:36.014354" level="INFO" html="true">Directory '&lt;a href="file:///Users/cholanuchkasemtanakitti/Public/workshop/CU_Bank-Robot_Framework/testcases/screenshots"&gt;/Users/cholanuchkasemtanakitti/Public/workshop/CU_Bank-Robot_Framework/testcases/screenshots&lt;/a&gt;' already exists.</msg>
<arg>${SCREENSHOT_DIR}</arg>
<doc>Creates the specified directory.</doc>
<status status="PASS" start="2025-11-15T20:57:36.014254" elapsed="0.000130"/>
</kw>
<kw name="Open Browser" owner="SeleniumLibrary">
<msg time="2025-11-15T20:57:36.014531" level="INFO">Opening browser 'chrome' to base url 'http://localhost:3000'.</msg>
<arg>${URL}</arg>
<arg>chrome</arg>
<doc>Opens a new browser instance to the optional ``url``.</doc>
<status status="PASS" start="2025-11-15T20:57:36.014446" elapsed="3.188030"/>
</kw>
<kw name="Maximize Browser Window" owner="SeleniumLibrary">
<doc>Maximizes current browser window.</doc>
<status status="PASS" start="2025-11-15T20:57:39.203436" elapsed="0.359249"/>
</kw>
<kw name="Login To System">
<kw name="Input Text" owner="SeleniumLibrary">
<msg time="2025-11-15T20:57:39.563571" level="INFO">Typing text '1234567890' into text field 'id:accountId'.</msg>
<arg>id:accountId</arg>
<arg>${USER}</arg>
<doc>Types the given ``text`` into the text field identified by ``locator``.</doc>
<status status="PASS" start="2025-11-15T20:57:39.563195" elapsed="0.061351"/>
</kw>
<kw name="Input Text" owner="SeleniumLibrary">
<msg time="2025-11-15T20:57:39.624781" level="INFO">Typing text '1234' into text field 'id:password'.</msg>
<arg>id:password</arg>
<arg>${PASS}</arg>
<doc>Types the given ``text`` into the text field identified by ``locator``.</doc>
<status status="PASS" start="2025-11-15T20:57:39.624651" elapsed="0.021540"/>
</kw>
<kw name="Click Element" owner="SeleniumLibrary">
<msg time="2025-11-15T20:57:39.646398" level="INFO">Clicking element 'xpath=//button[@cid='lc']'.</msg>
<arg>xpath=//button[@cid='lc']</arg>
<doc>Click the element identified by ``locator``.</doc>
<status status="PASS" start="2025-11-15T20:57:39.646292" elapsed="0.020523"/>
</kw>
<kw name="Wait Until Page Contains Element" owner="SeleniumLibrary">
<arg>xpath=//input[@cid='d1']</arg>
<arg>10s</arg>
<doc>Waits until the element ``locator`` appears on the current page.</doc>
<status status="PASS" start="2025-11-15T20:57:39.667016" elapsed="0.209934"/>
</kw>
<status status="PASS" start="2025-11-15T20:57:39.562993" elapsed="0.314027"/>
</kw>
<status status="PASS" start="2025-11-15T20:57:36.013885" elapsed="3.863163"/>
</kw>
<test id="s1-t1" name="TC1 Non-numeric Input" line="79">
<kw name="Deposit And Check">
<kw name="Clear Element Text" owner="SeleniumLibrary">
<arg>xpath=//input[@cid='d1']</arg>
<doc>Clears the value of the text-input-element identified by ``locator``.</doc>
<status status="PASS" start="2025-11-15T20:57:39.877745" elapsed="0.009823"/>
</kw>
<kw name="Input Text" owner="SeleniumLibrary">
<msg time="2025-11-15T20:57:39.887790" level="INFO">Typing text 'e' into text field 'xpath=//input[@cid='d1']'.</msg>
<arg>xpath=//input[@cid='d1']</arg>
<arg>${amount}</arg>
<doc>Types the given ``text`` into the text field identified by ``locator``.</doc>
<status status="PASS" start="2025-11-15T20:57:39.887670" elapsed="0.024653"/>
</kw>
<kw name="Sleep" owner="BuiltIn">
<msg time="2025-11-15T20:57:40.413059" level="INFO">Slept 500 milliseconds.</msg>
<arg>0.5s</arg>
<doc>Pauses the test executed for the given time.</doc>
<status status="PASS" start="2025-11-15T20:57:39.912429" elapsed="0.500952"/>
</kw>
<kw name="Capture Page Screenshot" owner="SeleniumLibrary">
<msg time="2025-11-15T20:57:40.500447" level="INFO" html="true">&lt;/td&gt;&lt;/tr&gt;&lt;tr&gt;&lt;td colspan="3"&gt;&lt;a href="screenshots/TC1_NonNumeric.png"&gt;&lt;img src="screenshots/TC1_NonNumeric.png" width="800px"&gt;&lt;/a&gt;</msg>
<arg>${SCREENSHOT_DIR}/${test_case_name}.png</arg>
<doc>Takes a screenshot of the current page and embeds it into a log file.</doc>
<status status="PASS" start="2025-11-15T20:57:40.413892" elapsed="0.086615"/>
</kw>
<if>
<branch type="IF" condition="${is_native_validation}">
<kw name="Execute Javascript" owner="SeleniumLibrary">
<msg time="2025-11-15T20:57:40.500944" level="INFO">Executing JavaScript:
return document.querySelector('[cid="d1"]').validationMessage;
Without any arguments.</msg>
<msg time="2025-11-15T20:57:40.502641" level="INFO">${validation_msg} = Please enter a number.</msg>
<var>${validation_msg}</var>
<arg>return document.querySelector('[cid="d1"]').validationMessage;</arg>
<doc>Executes the given JavaScript code with possible arguments.</doc>
<status status="PASS" start="2025-11-15T20:57:40.500744" elapsed="0.001913"/>
</kw>
<kw name="Log To Console" owner="BuiltIn">
<arg>[${test_case_name}] Browser validation message: ${validation_msg}</arg>
<doc>Logs the given message to the console.</doc>
<status status="PASS" start="2025-11-15T20:57:40.502728" elapsed="0.000096"/>
</kw>
<return>
<status status="PASS" start="2025-11-15T20:57:40.502854" elapsed="0.000049"/>
</return>
<status status="PASS" start="2025-11-15T20:57:40.500596" elapsed="0.002329"/>
</branch>
<status status="PASS" start="2025-11-15T20:57:40.500570" elapsed="0.002373"/>
</if>
<kw name="Click Element" owner="SeleniumLibrary">
<arg>xpath=//button[@cid='dc']</arg>
<doc>Click the element identified by ``locator``.</doc>
<status status="NOT RUN" start="2025-11-15T20:57:40.502987" elapsed="0.000011"/>
</kw>
<kw name="Sleep" owner="BuiltIn">
<arg>0.5s</arg>
<doc>Pauses the test executed for the given time.</doc>
<status status="NOT RUN" start="2025-11-15T20:57:40.503029" elapsed="0.000008"/>
</kw>
<kw name="Run Keyword And Return Status" owner="BuiltIn">
<var>${error_found}</var>
<arg>Wait Until Element Is Visible</arg>
<arg>css:label[cid="deposite-error-mes"]</arg>
<arg>timeout=2s</arg>
<doc>Runs the given keyword with given arguments and returns the status as a Boolean value.</doc>
<status status="NOT RUN" start="2025-11-15T20:57:40.503078" elapsed="0.000008"/>
</kw>
<if>
<branch type="IF" condition="${is_valid_test}">
<if>
<branch type="IF" condition="${error_found}">
<kw name="Get Text" owner="SeleniumLibrary">
<var>${error_text}</var>
<arg>css:label[cid="deposite-error-mes"]</arg>
<doc>Returns the text value of the element identified by ``locator``.</doc>
<status status="NOT RUN" start="2025-11-15T20:57:40.503170" elapsed="0.000009"/>
</kw>
<kw name="Fail" owner="BuiltIn">
<arg>[${test_case_name}] Expected success but got error: ${error_text}</arg>
<doc>Fails the test with the given message and optionally alters its tags.</doc>
<status status="NOT RUN" start="2025-11-15T20:57:40.503214" elapsed="0.000007"/>
</kw>
<status status="NOT RUN" start="2025-11-15T20:57:40.503140" elapsed="0.000093"/>
</branch>
<branch type="ELSE">
<kw name="Log To Console" owner="BuiltIn">
<arg>[${test_case_name}] Deposit success ✓</arg>
<doc>Logs the given message to the console.</doc>
<status status="NOT RUN" start="2025-11-15T20:57:40.503276" elapsed="0.000008"/>
</kw>
<status status="NOT RUN" start="2025-11-15T20:57:40.503245" elapsed="0.000052"/>
</branch>
<status status="NOT RUN" start="2025-11-15T20:57:40.503135" elapsed="0.000173"/>
</if>
<return>
<status status="NOT RUN" start="2025-11-15T20:57:40.503323" elapsed="0.000008"/>
</return>
<status status="NOT RUN" start="2025-11-15T20:57:40.503115" elapsed="0.000226"/>
</branch>
<status status="NOT RUN" start="2025-11-15T20:57:40.503107" elapsed="0.000243"/>
</if>
<if>
<branch type="IF" condition="not ${error_found}">
<kw name="Fail" owner="BuiltIn">
<arg>[${test_case_name}] Expected error "${expected_error}" but no error shown</arg>
<doc>Fails the test with the given message and optionally alters its tags.</doc>
<status status="NOT RUN" start="2025-11-15T20:57:40.503391" elapsed="0.000008"/>
</kw>
<status status="NOT RUN" start="2025-11-15T20:57:40.503365" elapsed="0.000060"/>
</branch>
<status status="NOT RUN" start="2025-11-15T20:57:40.503361" elapsed="0.000076"/>
</if>
<kw name="Get Text" owner="SeleniumLibrary">
<var>${error_text}</var>
<arg>css:label[cid="deposite-error-mes"]</arg>
<doc>Returns the text value of the element identified by ``locator``.</doc>
<status status="NOT RUN" start="2025-11-15T20:57:40.503461" elapsed="0.000008"/>
</kw>
<kw name="Should Be Equal" owner="BuiltIn">
<arg>${error_text}</arg>
<arg>${expected_error}</arg>
<doc>Fails if the given objects are unequal.</doc>
<status status="NOT RUN" start="2025-11-15T20:57:40.503502" elapsed="0.000008"/>
</kw>
<kw name="Log To Console" owner="BuiltIn">
<arg>[${test_case_name}] Passed ✓</arg>
<doc>Logs the given message to the console.</doc>
<status status="NOT RUN" start="2025-11-15T20:57:40.503536" elapsed="0.000007"/>
</kw>
<arg>e</arg>
<arg>${ERR_INVALID_NUMBER}</arg>
<arg>TC1_NonNumeric</arg>
<arg>True</arg>
<status status="PASS" start="2025-11-15T20:57:39.877585" elapsed="0.625981"/>
</kw>
<status status="PASS" start="2025-11-15T20:57:39.877135" elapsed="0.626503"/>
</test>
<test id="s1-t2" name="TC2 Decimal Input" line="82">
<kw name="Deposit And Check">
<kw name="Clear Element Text" owner="SeleniumLibrary">
<arg>xpath=//input[@cid='d1']</arg>
<doc>Clears the value of the text-input-element identified by ``locator``.</doc>
<status status="PASS" start="2025-11-15T20:57:40.504028" elapsed="0.009012"/>
</kw>
<kw name="Input Text" owner="SeleniumLibrary">
<msg time="2025-11-15T20:57:40.513237" level="INFO">Typing text '100.5' into text field 'xpath=//input[@cid='d1']'.</msg>
<arg>xpath=//input[@cid='d1']</arg>
<arg>${amount}</arg>
<doc>Types the given ``text`` into the text field identified by ``locator``.</doc>
<status status="PASS" start="2025-11-15T20:57:40.513127" elapsed="0.018820"/>
</kw>
<kw name="Sleep" owner="BuiltIn">
<msg time="2025-11-15T20:57:41.032630" level="INFO">Slept 500 milliseconds.</msg>
<arg>0.5s</arg>
<doc>Pauses the test executed for the given time.</doc>
<status status="PASS" start="2025-11-15T20:57:40.532052" elapsed="0.500888"/>
</kw>
<kw name="Capture Page Screenshot" owner="SeleniumLibrary">
<msg time="2025-11-15T20:57:41.119273" level="INFO" html="true">&lt;/td&gt;&lt;/tr&gt;&lt;tr&gt;&lt;td colspan="3"&gt;&lt;a href="screenshots/TC2_Decimal.png"&gt;&lt;img src="screenshots/TC2_Decimal.png" width="800px"&gt;&lt;/a&gt;</msg>
<arg>${SCREENSHOT_DIR}/${test_case_name}.png</arg>
<doc>Takes a screenshot of the current page and embeds it into a log file.</doc>
<status status="PASS" start="2025-11-15T20:57:41.033387" elapsed="0.085954"/>
</kw>
<if>
<branch type="IF" condition="${is_native_validation}">
<kw name="Execute Javascript" owner="SeleniumLibrary">
<msg time="2025-11-15T20:57:41.119703" level="INFO">Executing JavaScript:
return document.querySelector('[cid="d1"]').validationMessage;
Without any arguments.</msg>
<msg time="2025-11-15T20:57:41.121034" level="INFO">${validation_msg} = Please enter a valid value. The two nearest valid values are 100 and 101.</msg>
<var>${validation_msg}</var>
<arg>return document.querySelector('[cid="d1"]').validationMessage;</arg>
<doc>Executes the given JavaScript code with possible arguments.</doc>
<status status="PASS" start="2025-11-15T20:57:41.119528" elapsed="0.001520"/>
</kw>
<kw name="Log To Console" owner="BuiltIn">
<arg>[${test_case_name}] Browser validation message: ${validation_msg}</arg>
<doc>Logs the given message to the console.</doc>
<status status="PASS" start="2025-11-15T20:57:41.121100" elapsed="0.000088"/>
</kw>
<return>
<status status="PASS" start="2025-11-15T20:57:41.121211" elapsed="0.000024"/>
</return>
<status status="PASS" start="2025-11-15T20:57:41.119408" elapsed="0.001844"/>
</branch>
<status status="PASS" start="2025-11-15T20:57:41.119394" elapsed="0.001875"/>
</if>
<kw name="Click Element" owner="SeleniumLibrary">
<arg>xpath=//button[@cid='dc']</arg>
<doc>Click the element identified by ``locator``.</doc>
<status status="NOT RUN" start="2025-11-15T20:57:41.121306" elapsed="0.000010"/>
</kw>
<kw name="Sleep" owner="BuiltIn">
<arg>0.5s</arg>
<doc>Pauses the test executed for the given time.</doc>
<status status="NOT RUN" start="2025-11-15T20:57:41.121347" elapsed="0.000008"/>
</kw>
<kw name="Run Keyword And Return Status" owner="BuiltIn">
<var>${error_found}</var>
<arg>Wait Until Element Is Visible</arg>
<arg>css:label[cid="deposite-error-mes"]</arg>
<arg>timeout=2s</arg>
<doc>Runs the given keyword with given arguments and returns the status as a Boolean value.</doc>
<status status="NOT RUN" start="2025-11-15T20:57:41.121391" elapsed="0.000009"/>
</kw>
<if>
<branch type="IF" condition="${is_valid_test}">
<if>
<branch type="IF" condition="${error_found}">
<kw name="Get Text" owner="SeleniumLibrary">
<var>${error_text}</var>
<arg>css:label[cid="deposite-error-mes"]</arg>
<doc>Returns the text value of the element identified by ``locator``.</doc>
<status status="NOT RUN" start="2025-11-15T20:57:41.121480" elapsed="0.000010"/>
</kw>
<kw name="Fail" owner="BuiltIn">
<arg>[${test_case_name}] Expected success but got error: ${error_text}</arg>
<doc>Fails the test with the given message and optionally alters its tags.</doc>
<status status="NOT RUN" start="2025-11-15T20:57:41.121522" elapsed="0.000008"/>
</kw>
<status status="NOT RUN" start="2025-11-15T20:57:41.121450" elapsed="0.000092"/>
</branch>
<branch type="ELSE">
<kw name="Log To Console" owner="BuiltIn">
<arg>[${test_case_name}] Deposit success ✓</arg>
<doc>Logs the given message to the console.</doc>
<status status="NOT RUN" start="2025-11-15T20:57:41.121582" elapsed="0.000007"/>
</kw>
<status status="NOT RUN" start="2025-11-15T20:57:41.121554" elapsed="0.000048"/>
</branch>
<status status="NOT RUN" start="2025-11-15T20:57:41.121446" elapsed="0.000167"/>
</if>
<return>
<status status="NOT RUN" start="2025-11-15T20:57:41.121624" elapsed="0.000006"/>
</return>
<status status="NOT RUN" start="2025-11-15T20:57:41.121428" elapsed="0.000212"/>
</branch>
<status status="NOT RUN" start="2025-11-15T20:57:41.121421" elapsed="0.000228"/>
</if>
<if>
<branch type="IF" condition="not ${error_found}">
<kw name="Fail" owner="BuiltIn">
<arg>[${test_case_name}] Expected error "${expected_error}" but no error shown</arg>
<doc>Fails the test with the given message and optionally alters its tags.</doc>
<status status="NOT RUN" start="2025-11-15T20:57:41.121692" elapsed="0.000008"/>
</kw>
<status status="NOT RUN" start="2025-11-15T20:57:41.121665" elapsed="0.000047"/>
</branch>
<status status="NOT RUN" start="2025-11-15T20:57:41.121661" elapsed="0.000061"/>
</if>
<kw name="Get Text" owner="SeleniumLibrary">
<var>${error_text}</var>
<arg>css:label[cid="deposite-error-mes"]</arg>
<doc>Returns the text value of the element identified by ``locator``.</doc>
<status status="NOT RUN" start="2025-11-15T20:57:41.121745" elapsed="0.000009"/>
</kw>
<kw name="Should Be Equal" owner="BuiltIn">
<arg>${error_text}</arg>
<arg>${expected_error}</arg>
<doc>Fails if the given objects are unequal.</doc>
<status status="NOT RUN" start="2025-11-15T20:57:41.121784" elapsed="0.000008"/>
</kw>
<kw name="Log To Console" owner="BuiltIn">
<arg>[${test_case_name}] Passed ✓</arg>
<doc>Logs the given message to the console.</doc>
<status status="NOT RUN" start="2025-11-15T20:57:41.121817" elapsed="0.000007"/>
</kw>
<arg>100.5</arg>
<arg>${ERR_WHOLE_NUMBER_PREFIX}</arg>
<arg>TC2_Decimal</arg>
<arg>True</arg>
<status status="PASS" start="2025-11-15T20:57:40.503905" elapsed="0.617945"/>
</kw>
<status status="PASS" start="2025-11-15T20:57:40.503721" elapsed="0.618198"/>
</test>
<test id="s1-t3" name="TC5 Empty Input" line="85">
<kw name="Deposit And Check">
<kw name="Clear Element Text" owner="SeleniumLibrary">
<arg>xpath=//input[@cid='d1']</arg>
<doc>Clears the value of the text-input-element identified by ``locator``.</doc>
<status status="PASS" start="2025-11-15T20:57:41.122467" elapsed="0.009509"/>
</kw>
<kw name="Input Text" owner="SeleniumLibrary">
<msg time="2025-11-15T20:57:41.132186" level="INFO">Typing text '' into text field 'xpath=//input[@cid='d1']'.</msg>
<arg>xpath=//input[@cid='d1']</arg>
<arg>${amount}</arg>
<doc>Types the given ``text`` into the text field identified by ``locator``.</doc>
<status status="PASS" start="2025-11-15T20:57:41.132066" elapsed="0.018000"/>
</kw>
<kw name="Sleep" owner="BuiltIn">
<msg time="2025-11-15T20:57:41.650876" level="INFO">Slept 500 milliseconds.</msg>
<arg>0.5s</arg>
<doc>Pauses the test executed for the given time.</doc>
<status status="PASS" start="2025-11-15T20:57:41.150155" elapsed="0.500980"/>
</kw>
<kw name="Capture Page Screenshot" owner="SeleniumLibrary">
<msg time="2025-11-15T20:57:41.737952" level="INFO" html="true">&lt;/td&gt;&lt;/tr&gt;&lt;tr&gt;&lt;td colspan="3"&gt;&lt;a href="screenshots/TC5_EmptyInput.png"&gt;&lt;img src="screenshots/TC5_EmptyInput.png" width="800px"&gt;&lt;/a&gt;</msg>
<arg>${SCREENSHOT_DIR}/${test_case_name}.png</arg>
<doc>Takes a screenshot of the current page and embeds it into a log file.</doc>
<status status="PASS" start="2025-11-15T20:57:41.651540" elapsed="0.086471"/>
</kw>
<if>
<branch type="IF" condition="${is_native_validation}">
<kw name="Execute Javascript" owner="SeleniumLibrary">
<msg time="2025-11-15T20:57:41.738358" level="INFO">Executing JavaScript:
return document.querySelector('[cid="d1"]').validationMessage;
Without any arguments.</msg>
<msg time="2025-11-15T20:57:41.740156" level="INFO">${validation_msg} = Please fill out this field.</msg>
<var>${validation_msg}</var>
<arg>return document.querySelector('[cid="d1"]').validationMessage;</arg>
<doc>Executes the given JavaScript code with possible arguments.</doc>
<status status="PASS" start="2025-11-15T20:57:41.738183" elapsed="0.001991"/>
</kw>
<kw name="Log To Console" owner="BuiltIn">
<arg>[${test_case_name}] Browser validation message: ${validation_msg}</arg>
<doc>Logs the given message to the console.</doc>
<status status="PASS" start="2025-11-15T20:57:41.740233" elapsed="0.000098"/>
</kw>
<return>
<status status="PASS" start="2025-11-15T20:57:41.740358" elapsed="0.000025"/>
</return>
<status status="PASS" start="2025-11-15T20:57:41.738073" elapsed="0.002328"/>
</branch>
<status status="PASS" start="2025-11-15T20:57:41.738059" elapsed="0.002360"/>
</if>
<kw name="Click Element" owner="SeleniumLibrary">
<arg>xpath=//button[@cid='dc']</arg>
<doc>Click the element identified by ``locator``.</doc>
<status status="NOT RUN" start="2025-11-15T20:57:41.740459" elapsed="0.000012"/>
</kw>
<kw name="Sleep" owner="BuiltIn">
<arg>0.5s</arg>
<doc>Pauses the test executed for the given time.</doc>
<status status="NOT RUN" start="2025-11-15T20:57:41.740503" elapsed="0.000009"/>
</kw>
<kw name="Run Keyword And Return Status" owner="BuiltIn">
<var>${error_found}</var>
<arg>Wait Until Element Is Visible</arg>
<arg>css:label[cid="deposite-error-mes"]</arg>
<arg>timeout=2s</arg>
<doc>Runs the given keyword with given arguments and returns the status as a Boolean value.</doc>
<status status="NOT RUN" start="2025-11-15T20:57:41.740547" elapsed="0.000008"/>
</kw>
<if>
<branch type="IF" condition="${is_valid_test}">
<if>
<branch type="IF" condition="${error_found}">
<kw name="Get Text" owner="SeleniumLibrary">
<var>${error_text}</var>
<arg>css:label[cid="deposite-error-mes"]</arg>
<doc>Returns the text value of the element identified by ``locator``.</doc>
<status status="NOT RUN" start="2025-11-15T20:57:41.740640" elapsed="0.000009"/>
</kw>
<kw name="Fail" owner="BuiltIn">
<arg>[${test_case_name}] Expected success but got error: ${error_text}</arg>
<doc>Fails the test with the given message and optionally alters its tags.</doc>
<status status="NOT RUN" start="2025-11-15T20:57:41.740680" elapsed="0.000008"/>
</kw>
<status status="NOT RUN" start="2025-11-15T20:57:41.740609" elapsed="0.000091"/>
</branch>
<branch type="ELSE">
<kw name="Log To Console" owner="BuiltIn">
<arg>[${test_case_name}] Deposit success ✓</arg>
<doc>Logs the given message to the console.</doc>
<status status="NOT RUN" start="2025-11-15T20:57:41.740741" elapsed="0.000009"/>
</kw>
<status status="NOT RUN" start="2025-11-15T20:57:41.740713" elapsed="0.000050"/>
</branch>
<status status="NOT RUN" start="2025-11-15T20:57:41.740603" elapsed="0.000171"/>
</if>
<return>
<status status="NOT RUN" start="2025-11-15T20:57:41.740785" elapsed="0.000007"/>
</return>
<status status="NOT RUN" start="2025-11-15T20:57:41.740584" elapsed="0.000218"/>
</branch>
<status status="NOT RUN" start="2025-11-15T20:57:41.740577" elapsed="0.000235"/>
</if>
<if>
<branch type="IF" condition="not ${error_found}">
<kw name="Fail" owner="BuiltIn">
<arg>[${test_case_name}] Expected error "${expected_error}" but no error shown</arg>
<doc>Fails the test with the given message and optionally alters its tags.</doc>
<status status="NOT RUN" start="2025-11-15T20:57:41.740855" elapsed="0.000008"/>
</kw>
<status status="NOT RUN" start="2025-11-15T20:57:41.740828" elapsed="0.000047"/>
</branch>
<status status="NOT RUN" start="2025-11-15T20:57:41.740823" elapsed="0.000061"/>
</if>
<kw name="Get Text" owner="SeleniumLibrary">
<var>${error_text}</var>
<arg>css:label[cid="deposite-error-mes"]</arg>
<doc>Returns the text value of the element identified by ``locator``.</doc>
<status status="NOT RUN" start="2025-11-15T20:57:41.740908" elapsed="0.000009"/>
</kw>
<kw name="Should Be Equal" owner="BuiltIn">
<arg>${error_text}</arg>
<arg>${expected_error}</arg>
<doc>Fails if the given objects are unequal.</doc>
<status status="NOT RUN" start="2025-11-15T20:57:41.740948" elapsed="0.000008"/>
</kw>
<kw name="Log To Console" owner="BuiltIn">
<arg>[${test_case_name}] Passed ✓</arg>
<doc>Logs the given message to the console.</doc>
<status status="NOT RUN" start="2025-11-15T20:57:41.740982" elapsed="0.000007"/>
</kw>
<arg>${EMPTY}</arg>
<arg>${ERR_INVALID_NUMBER}</arg>
<arg>TC5_EmptyInput</arg>
<arg>True</arg>
<status status="PASS" start="2025-11-15T20:57:41.122184" elapsed="0.618830"/>
</kw>
<status status="PASS" start="2025-11-15T20:57:41.121998" elapsed="0.619074"/>
</test>
<test id="s1-t4" name="TC3 Negative Amount" line="88">
<kw name="Deposit And Check">
<kw name="Clear Element Text" owner="SeleniumLibrary">
<arg>xpath=//input[@cid='d1']</arg>
<doc>Clears the value of the text-input-element identified by ``locator``.</doc>
<status status="PASS" start="2025-11-15T20:57:41.741444" elapsed="0.008197"/>
</kw>
<kw name="Input Text" owner="SeleniumLibrary">
<msg time="2025-11-15T20:57:41.749791" level="INFO">Typing text '-50' into text field 'xpath=//input[@cid='d1']'.</msg>
<arg>xpath=//input[@cid='d1']</arg>
<arg>${amount}</arg>
<doc>Types the given ``text`` into the text field identified by ``locator``.</doc>
<status status="PASS" start="2025-11-15T20:57:41.749704" elapsed="0.018099"/>
</kw>
<kw name="Sleep" owner="BuiltIn">
<msg time="2025-11-15T20:57:42.270138" level="INFO">Slept 500 milliseconds.</msg>
<arg>0.5s</arg>
<doc>Pauses the test executed for the given time.</doc>
<status status="PASS" start="2025-11-15T20:57:41.767887" elapsed="0.502554"/>
</kw>
<kw name="Capture Page Screenshot" owner="SeleniumLibrary">
<msg time="2025-11-15T20:57:42.355843" level="INFO" html="true">&lt;/td&gt;&lt;/tr&gt;&lt;tr&gt;&lt;td colspan="3"&gt;&lt;a href="screenshots/TC3_Negative.png"&gt;&lt;img src="screenshots/TC3_Negative.png" width="800px"&gt;&lt;/a&gt;</msg>
<arg>${SCREENSHOT_DIR}/${test_case_name}.png</arg>
<doc>Takes a screenshot of the current page and embeds it into a log file.</doc>
<status status="PASS" start="2025-11-15T20:57:42.270901" elapsed="0.085001"/>
</kw>
<if>
<branch type="IF" condition="${is_native_validation}">
<kw name="Execute Javascript" owner="SeleniumLibrary">
<var>${validation_msg}</var>
<arg>return document.querySelector('[cid="d1"]').validationMessage;</arg>
<doc>Executes the given JavaScript code with possible arguments.</doc>
<status status="NOT RUN" start="2025-11-15T20:57:42.356091" elapsed="0.000014"/>
</kw>
<kw name="Log To Console" owner="BuiltIn">
<arg>[${test_case_name}] Browser validation message: ${validation_msg}</arg>
<doc>Logs the given message to the console.</doc>
<status status="NOT RUN" start="2025-11-15T20:57:42.356145" elapsed="0.000011"/>
</kw>
<return>
<status status="NOT RUN" start="2025-11-15T20:57:42.356175" elapsed="0.000011"/>
</return>
<status status="NOT RUN" start="2025-11-15T20:57:42.355973" elapsed="0.000237"/>
</branch>
<status status="PASS" start="2025-11-15T20:57:42.355960" elapsed="0.000266"/>
</if>
<kw name="Click Element" owner="SeleniumLibrary">
<msg time="2025-11-15T20:57:42.356351" level="INFO">Clicking element 'xpath=//button[@cid='dc']'.</msg>
<arg>xpath=//button[@cid='dc']</arg>
<doc>Click the element identified by ``locator``.</doc>
<status status="PASS" start="2025-11-15T20:57:42.356260" elapsed="0.020388"/>
</kw>
<kw name="Sleep" owner="BuiltIn">
<msg time="2025-11-15T20:57:42.879002" level="INFO">Slept 500 milliseconds.</msg>
<arg>0.5s</arg>
<doc>Pauses the test executed for the given time.</doc>
<status status="PASS" start="2025-11-15T20:57:42.376759" elapsed="0.502568"/>
</kw>
<kw name="Run Keyword And Return Status" owner="BuiltIn">
<kw name="Wait Until Element Is Visible" owner="SeleniumLibrary">
<arg>css:label[cid="deposite-error-mes"]</arg>
<arg>timeout=2s</arg>
<doc>Waits until the element ``locator`` is visible.</doc>
<status status="PASS" start="2025-11-15T20:57:42.880315" elapsed="0.022735"/>
</kw>
<msg time="2025-11-15T20:57:42.903286" level="INFO">${error_found} = True</msg>
<var>${error_found}</var>
<arg>Wait Until Element Is Visible</arg>
<arg>css:label[cid="deposite-error-mes"]</arg>
<arg>timeout=2s</arg>
<doc>Runs the given keyword with given arguments and returns the status as a Boolean value.</doc>
<status status="PASS" start="2025-11-15T20:57:42.879814" elapsed="0.023510"/>
</kw>
<if>
<branch type="IF" condition="${is_valid_test}">
<if>
<branch type="IF" condition="${error_found}">
<kw name="Get Text" owner="SeleniumLibrary">
<var>${error_text}</var>
<arg>css:label[cid="deposite-error-mes"]</arg>
<doc>Returns the text value of the element identified by ``locator``.</doc>
<status status="NOT RUN" start="2025-11-15T20:57:42.903759" elapsed="0.000030"/>
</kw>
<kw name="Fail" owner="BuiltIn">
<arg>[${test_case_name}] Expected success but got error: ${error_text}</arg>
<doc>Fails the test with the given message and optionally alters its tags.</doc>
<status status="NOT RUN" start="2025-11-15T20:57:42.903878" elapsed="0.000020"/>
</kw>
<status status="NOT RUN" start="2025-11-15T20:57:42.903628" elapsed="0.000298"/>
</branch>
<branch type="ELSE">
<kw name="Log To Console" owner="BuiltIn">
<arg>[${test_case_name}] Deposit success ✓</arg>
<doc>Logs the given message to the console.</doc>
<status status="NOT RUN" start="2025-11-15T20:57:42.904026" elapsed="0.000021"/>
</kw>
<status status="NOT RUN" start="2025-11-15T20:57:42.903958" elapsed="0.000121"/>
</branch>
<status status="NOT RUN" start="2025-11-15T20:57:42.903615" elapsed="0.000487"/>
</if>
<return>
<status status="NOT RUN" start="2025-11-15T20:57:42.904132" elapsed="0.000021"/>
</return>
<status status="NOT RUN" start="2025-11-15T20:57:42.903441" elapsed="0.000737"/>
</branch>
<status status="PASS" start="2025-11-15T20:57:42.903410" elapsed="0.000790"/>
</if>
<if>
<branch type="IF" condition="not ${error_found}">
<kw name="Fail" owner="BuiltIn">
<arg>[${test_case_name}] Expected error "${expected_error}" but no error shown</arg>
<doc>Fails the test with the given message and optionally alters its tags.</doc>
<status status="NOT RUN" start="2025-11-15T20:57:42.904361" elapsed="0.000020"/>
</kw>
<status status="NOT RUN" start="2025-11-15T20:57:42.904236" elapsed="0.000173"/>
</branch>
<status status="PASS" start="2025-11-15T20:57:42.904225" elapsed="0.000208"/>
</if>
<kw name="Get Text" owner="SeleniumLibrary">
<msg time="2025-11-15T20:57:42.917583" level="INFO">${error_text} = The amount must be greater than 0. Please enter a positive number.</msg>
<var>${error_text}</var>
<arg>css:label[cid="deposite-error-mes"]</arg>
<doc>Returns the text value of the element identified by ``locator``.</doc>
<status status="PASS" start="2025-11-15T20:57:42.904489" elapsed="0.013126"/>
</kw>
<kw name="Should Be Equal" owner="BuiltIn">
<arg>${error_text}</arg>
<arg>${expected_error}</arg>
<doc>Fails if the given objects are unequal.</doc>
<status status="PASS" start="2025-11-15T20:57:42.917712" elapsed="0.000192"/>
</kw>
<kw name="Log To Console" owner="BuiltIn">
<arg>[${test_case_name}] Passed ✓</arg>
<doc>Logs the given message to the console.</doc>
<status status="PASS" start="2025-11-15T20:57:42.917969" elapsed="0.000648"/>
</kw>
<arg>-50</arg>
<arg>${ERR_GREATER_THAN_ZERO}</arg>
<arg>TC3_Negative</arg>
<status status="PASS" start="2025-11-15T20:57:41.741327" elapsed="1.177346"/>
</kw>
<status status="PASS" start="2025-11-15T20:57:41.741144" elapsed="1.177633"/>
</test>
<test id="s1-t5" name="TC4 Zero Amount" line="91">
<kw name="Deposit And Check">
<kw name="Clear Element Text" owner="SeleniumLibrary">
<arg>xpath=//input[@cid='d1']</arg>
<doc>Clears the value of the text-input-element identified by ``locator``.</doc>
<status status="PASS" start="2025-11-15T20:57:42.919475" elapsed="0.013128"/>
</kw>
<kw name="Input Text" owner="SeleniumLibrary">
<msg time="2025-11-15T20:57:42.932894" level="INFO">Typing text '0' into text field 'xpath=//input[@cid='d1']'.</msg>
<arg>xpath=//input[@cid='d1']</arg>
<arg>${amount}</arg>
<doc>Types the given ``text`` into the text field identified by ``locator``.</doc>
<status status="PASS" start="2025-11-15T20:57:42.932732" elapsed="0.021455"/>
</kw>
<kw name="Sleep" owner="BuiltIn">
<msg time="2025-11-15T20:57:43.454581" level="INFO">Slept 500 milliseconds.</msg>
<arg>0.5s</arg>
<doc>Pauses the test executed for the given time.</doc>
<status status="PASS" start="2025-11-15T20:57:42.954290" elapsed="0.500592"/>
</kw>
<kw name="Capture Page Screenshot" owner="SeleniumLibrary">
<msg time="2025-11-15T20:57:43.556765" level="INFO" html="true">&lt;/td&gt;&lt;/tr&gt;&lt;tr&gt;&lt;td colspan="3"&gt;&lt;a href="screenshots/TC4_Zero.png"&gt;&lt;img src="screenshots/TC4_Zero.png" width="800px"&gt;&lt;/a&gt;</msg>
<arg>${SCREENSHOT_DIR}/${test_case_name}.png</arg>
<doc>Takes a screenshot of the current page and embeds it into a log file.</doc>
<status status="PASS" start="2025-11-15T20:57:43.455327" elapsed="0.101494"/>
</kw>
<if>
<branch type="IF" condition="${is_native_validation}">
<kw name="Execute Javascript" owner="SeleniumLibrary">
<var>${validation_msg}</var>
<arg>return document.querySelector('[cid="d1"]').validationMessage;</arg>
<doc>Executes the given JavaScript code with possible arguments.</doc>
<status status="NOT RUN" start="2025-11-15T20:57:43.557002" elapsed="0.000014"/>
</kw>
<kw name="Log To Console" owner="BuiltIn">
<arg>[${test_case_name}] Browser validation message: ${validation_msg}</arg>
<doc>Logs the given message to the console.</doc>
<status status="NOT RUN" start="2025-11-15T20:57:43.557057" elapsed="0.000011"/>
</kw>
<return>
<status status="NOT RUN" start="2025-11-15T20:57:43.557087" elapsed="0.000012"/>
</return>
<status status="NOT RUN" start="2025-11-15T20:57:43.556886" elapsed="0.000227"/>
</branch>
<status status="PASS" start="2025-11-15T20:57:43.556872" elapsed="0.000254"/>
</if>
<kw name="Click Element" owner="SeleniumLibrary">
<msg time="2025-11-15T20:57:43.557247" level="INFO">Clicking element 'xpath=//button[@cid='dc']'.</msg>
<arg>xpath=//button[@cid='dc']</arg>
<doc>Click the element identified by ``locator``.</doc>
<status status="PASS" start="2025-11-15T20:57:43.557159" elapsed="0.016015"/>
</kw>
<kw name="Sleep" owner="BuiltIn">
<msg time="2025-11-15T20:57:44.075110" level="INFO">Slept 500 milliseconds.</msg>
<arg>0.5s</arg>
<doc>Pauses the test executed for the given time.</doc>
<status status="PASS" start="2025-11-15T20:57:43.573274" elapsed="0.502149"/>
</kw>
<kw name="Run Keyword And Return Status" owner="BuiltIn">
<kw name="Wait Until Element Is Visible" owner="SeleniumLibrary">
<arg>css:label[cid="deposite-error-mes"]</arg>
<arg>timeout=2s</arg>
<doc>Waits until the element ``locator`` is visible.</doc>
<status status="PASS" start="2025-11-15T20:57:44.076367" elapsed="0.012740"/>
</kw>
<msg time="2025-11-15T20:57:44.089376" level="INFO">${error_found} = True</msg>
<var>${error_found}</var>
<arg>Wait Until Element Is Visible</arg>
<arg>css:label[cid="deposite-error-mes"]</arg>
<arg>timeout=2s</arg>
<doc>Runs the given keyword with given arguments and returns the status as a Boolean value.</doc>
<status status="PASS" start="2025-11-15T20:57:44.075904" elapsed="0.013513"/>
</kw>
<if>
<branch type="IF" condition="${is_valid_test}">
<if>
<branch type="IF" condition="${error_found}">
<kw name="Get Text" owner="SeleniumLibrary">
<var>${error_text}</var>
<arg>css:label[cid="deposite-error-mes"]</arg>
<doc>Returns the text value of the element identified by ``locator``.</doc>
<status status="NOT RUN" start="2025-11-15T20:57:44.090053" elapsed="0.000037"/>
</kw>
<kw name="Fail" owner="BuiltIn">
<arg>[${test_case_name}] Expected success but got error: ${error_text}</arg>
<doc>Fails the test with the given message and optionally alters its tags.</doc>
<status status="NOT RUN" start="2025-11-15T20:57:44.090178" elapsed="0.000019"/>
</kw>
<status status="NOT RUN" start="2025-11-15T20:57:44.089852" elapsed="0.000378"/>
</branch>
<branch type="ELSE">
<kw name="Log To Console" owner="BuiltIn">
<arg>[${test_case_name}] Deposit success ✓</arg>
<doc>Logs the given message to the console.</doc>
<status status="NOT RUN" start="2025-11-15T20:57:44.090356" elapsed="0.000020"/>
</kw>
<status status="NOT RUN" start="2025-11-15T20:57:44.090280" elapsed="0.000129"/>
</branch>
<status status="NOT RUN" start="2025-11-15T20:57:44.089839" elapsed="0.000595"/>
</if>
<return>
<status status="NOT RUN" start="2025-11-15T20:57:44.090481" elapsed="0.000032"/>
</return>
<status status="NOT RUN" start="2025-11-15T20:57:44.089641" elapsed="0.000911"/>
</branch>
<status status="PASS" start="2025-11-15T20:57:44.089591" elapsed="0.000985"/>
</if>
<if>
<branch type="IF" condition="not ${error_found}">
<kw name="Fail" owner="BuiltIn">
<arg>[${test_case_name}] Expected error "${expected_error}" but no error shown</arg>
<doc>Fails the test with the given message and optionally alters its tags.</doc>
<status status="NOT RUN" start="2025-11-15T20:57:44.090744" elapsed="0.000026"/>
</kw>
<status status="NOT RUN" start="2025-11-15T20:57:44.090618" elapsed="0.000184"/>
</branch>
<status status="PASS" start="2025-11-15T20:57:44.090604" elapsed="0.000227"/>
</if>
<kw name="Get Text" owner="SeleniumLibrary">
<msg time="2025-11-15T20:57:44.101188" level="INFO">${error_text} = The amount must be greater than 0. Please enter a positive number.</msg>
<var>${error_text}</var>
<arg>css:label[cid="deposite-error-mes"]</arg>
<doc>Returns the text value of the element identified by ``locator``.</doc>
<status status="PASS" start="2025-11-15T20:57:44.090887" elapsed="0.010347"/>
</kw>
<kw name="Should Be Equal" owner="BuiltIn">
<arg>${error_text}</arg>
<arg>${expected_error}</arg>
<doc>Fails if the given objects are unequal.</doc>
<status status="PASS" start="2025-11-15T20:57:44.101398" elapsed="0.000210"/>
</kw>
<kw name="Log To Console" owner="BuiltIn">
<arg>[${test_case_name}] Passed ✓</arg>
<doc>Logs the given message to the console.</doc>
<status status="PASS" start="2025-11-15T20:57:44.101697" elapsed="0.000135"/>
</kw>
<arg>0</arg>
<arg>${ERR_GREATER_THAN_ZERO}</arg>
<arg>TC4_Zero</arg>
<status status="PASS" start="2025-11-15T20:57:42.919251" elapsed="1.182638"/>
</kw>
<status status="PASS" start="2025-11-15T20:57:42.918911" elapsed="1.183089"/>
</test>
<test id="s1-t6" name="TC6 Valid Deposit" line="94">
<kw name="Deposit And Check">
<kw name="Clear Element Text" owner="SeleniumLibrary">
<arg>xpath=//input[@cid='d1']</arg>
<doc>Clears the value of the text-input-element identified by ``locator``.</doc>
<status status="PASS" start="2025-11-15T20:57:44.102753" elapsed="0.015146"/>
</kw>
<kw name="Input Text" owner="SeleniumLibrary">
<msg time="2025-11-15T20:57:44.118243" level="INFO">Typing text '100' into text field 'xpath=//input[@cid='d1']'.</msg>
<arg>xpath=//input[@cid='d1']</arg>
<arg>${amount}</arg>
<doc>Types the given ``text`` into the text field identified by ``locator``.</doc>
<status status="PASS" start="2025-11-15T20:57:44.118047" elapsed="0.022417"/>
</kw>
<kw name="Sleep" owner="BuiltIn">
<msg time="2025-11-15T20:57:44.641646" level="INFO">Slept 500 milliseconds.</msg>
<arg>0.5s</arg>
<doc>Pauses the test executed for the given time.</doc>
<status status="PASS" start="2025-11-15T20:57:44.140553" elapsed="0.501406"/>
</kw>
<kw name="Capture Page Screenshot" owner="SeleniumLibrary">
<msg time="2025-11-15T20:57:44.728561" level="INFO" html="true">&lt;/td&gt;&lt;/tr&gt;&lt;tr&gt;&lt;td colspan="3"&gt;&lt;a href="screenshots/TC6_ValidDeposit.png"&gt;&lt;img src="screenshots/TC6_ValidDeposit.png" width="800px"&gt;&lt;/a&gt;</msg>
<arg>${SCREENSHOT_DIR}/${test_case_name}.png</arg>
<doc>Takes a screenshot of the current page and embeds it into a log file.</doc>
<status status="PASS" start="2025-11-15T20:57:44.642434" elapsed="0.086181"/>
</kw>
<if>
<branch type="IF" condition="${is_native_validation}">
<kw name="Execute Javascript" owner="SeleniumLibrary">
<var>${validation_msg}</var>
<arg>return document.querySelector('[cid="d1"]').validationMessage;</arg>
<doc>Executes the given JavaScript code with possible arguments.</doc>
<status status="NOT RUN" start="2025-11-15T20:57:44.728783" elapsed="0.000013"/>
</kw>
<kw name="Log To Console" owner="BuiltIn">
<arg>[${test_case_name}] Browser validation message: ${validation_msg}</arg>
<doc>Logs the given message to the console.</doc>
<status status="NOT RUN" start="2025-11-15T20:57:44.728834" elapsed="0.000009"/>
</kw>
<return>
<status status="NOT RUN" start="2025-11-15T20:57:44.728865" elapsed="0.000010"/>
</return>
<status status="NOT RUN" start="2025-11-15T20:57:44.728674" elapsed="0.000214"/>
</branch>
<status status="PASS" start="2025-11-15T20:57:44.728662" elapsed="0.000239"/>
</if>
<kw name="Click Element" owner="SeleniumLibrary">
<msg time="2025-11-15T20:57:44.729013" level="INFO">Clicking element 'xpath=//button[@cid='dc']'.</msg>
<arg>xpath=//button[@cid='dc']</arg>
<doc>Click the element identified by ``locator``.</doc>
<status status="PASS" start="2025-11-15T20:57:44.728930" elapsed="0.017139"/>
</kw>
<kw name="Sleep" owner="BuiltIn">
<msg time="2025-11-15T20:57:45.247511" level="INFO">Slept 500 milliseconds.</msg>
<arg>0.5s</arg>
<doc>Pauses the test executed for the given time.</doc>
<status status="PASS" start="2025-11-15T20:57:44.746177" elapsed="0.501524"/>
</kw>
<kw name="Run Keyword And Return Status" owner="BuiltIn">
<kw name="Wait Until Element Is Visible" owner="SeleniumLibrary">
<msg time="2025-11-15T20:57:47.439789" level="INFO" html="true">&lt;/td&gt;&lt;/tr&gt;&lt;tr&gt;&lt;td colspan="3"&gt;&lt;a href="selenium-screenshot-1.png"&gt;&lt;img src="selenium-screenshot-1.png" width="800px"&gt;&lt;/a&gt;</msg>
<msg time="2025-11-15T20:57:47.439903" level="FAIL">Element 'css:label[cid="deposite-error-mes"]' not visible after 2 seconds.</msg>
<arg>css:label[cid="deposite-error-mes"]</arg>
<arg>timeout=2s</arg>
<doc>Waits until the element ``locator`` is visible.</doc>
<status status="FAIL" start="2025-11-15T20:57:45.248315" elapsed="2.194297">Element 'css:label[cid="deposite-error-mes"]' not visible after 2 seconds.</status>
</kw>
<msg time="2025-11-15T20:57:47.442688" level="INFO">${error_found} = False</msg>
<var>${error_found}</var>
<arg>Wait Until Element Is Visible</arg>
<arg>css:label[cid="deposite-error-mes"]</arg>
<arg>timeout=2s</arg>
<doc>Runs the given keyword with given arguments and returns the status as a Boolean value.</doc>
<status status="PASS" start="2025-11-15T20:57:45.248016" elapsed="2.194684"/>
</kw>
<if>
<branch type="IF" condition="${is_valid_test}">
<if>
<branch type="IF" condition="${error_found}">
<kw name="Get Text" owner="SeleniumLibrary">
<var>${error_text}</var>
<arg>css:label[cid="deposite-error-mes"]</arg>
<doc>Returns the text value of the element identified by ``locator``.</doc>
<status status="NOT RUN" start="2025-11-15T20:57:47.442885" elapsed="0.000014"/>
</kw>
<kw name="Fail" owner="BuiltIn">
<arg>[${test_case_name}] Expected success but got error: ${error_text}</arg>
<doc>Fails the test with the given message and optionally alters its tags.</doc>
<status status="NOT RUN" start="2025-11-15T20:57:47.442939" elapsed="0.000009"/>
</kw>
<status status="NOT RUN" start="2025-11-15T20:57:47.442817" elapsed="0.000144"/>
</branch>
<branch type="ELSE">
<kw name="Log To Console" owner="BuiltIn">
<arg>[${test_case_name}] Deposit success ✓</arg>
<doc>Logs the given message to the console.</doc>
<status status="PASS" start="2025-11-15T20:57:47.443007" elapsed="0.000100"/>
</kw>
<status status="PASS" start="2025-11-15T20:57:47.442976" elapsed="0.000151"/>
</branch>
<status status="PASS" start="2025-11-15T20:57:47.442811" elapsed="0.000329"/>
</if>
<return>
<status status="PASS" start="2025-11-15T20:57:47.443155" elapsed="0.000020"/>
</return>
<status status="PASS" start="2025-11-15T20:57:47.442750" elapsed="0.000439"/>
</branch>
<status status="PASS" start="2025-11-15T20:57:47.442737" elapsed="0.000465"/>
</if>
<if>
<branch type="IF" condition="not ${error_found}">
<kw name="Fail" owner="BuiltIn">
<arg>[${test_case_name}] Expected error "${expected_error}" but no error shown</arg>
<doc>Fails the test with the given message and optionally alters its tags.</doc>
<status status="NOT RUN" start="2025-11-15T20:57:47.443255" elapsed="0.000010"/>
</kw>
<status status="NOT RUN" start="2025-11-15T20:57:47.443223" elapsed="0.000055"/>
</branch>
<status status="NOT RUN" start="2025-11-15T20:57:47.443218" elapsed="0.000072"/>
</if>
<kw name="Get Text" owner="SeleniumLibrary">
<var>${error_text}</var>
<arg>css:label[cid="deposite-error-mes"]</arg>
<doc>Returns the text value of the element identified by ``locator``.</doc>
<status status="NOT RUN" start="2025-11-15T20:57:47.443317" elapsed="0.000008"/>
</kw>
<kw name="Should Be Equal" owner="BuiltIn">
<arg>${error_text}</arg>
<arg>${expected_error}</arg>
<doc>Fails if the given objects are unequal.</doc>
<status status="NOT RUN" start="2025-11-15T20:57:47.443358" elapsed="0.000008"/>
</kw>
<kw name="Log To Console" owner="BuiltIn">
<arg>[${test_case_name}] Passed ✓</arg>
<doc>Logs the given message to the console.</doc>
<status status="NOT RUN" start="2025-11-15T20:57:47.443393" elapsed="0.000008"/>
</kw>
<arg>100</arg>
<arg>${SUCCESS_MSG}</arg>
<arg>TC6_ValidDeposit</arg>
<arg>False</arg>
<arg>True</arg>
<status status="PASS" start="2025-11-15T20:57:44.102517" elapsed="3.340909"/>
</kw>
<status status="PASS" start="2025-11-15T20:57:44.102151" elapsed="3.341333"/>
</test>
<kw name="Close Browser" owner="SeleniumLibrary" type="TEARDOWN">
<doc>Closes the current browser.</doc>
<status status="PASS" start="2025-11-15T20:57:47.443704" elapsed="0.072431"/>
</kw>
<status status="PASS" start="2025-11-15T20:57:35.932801" elapsed="11.583403"/>
</suite>
<statistics>
<total>
<stat pass="6" fail="0" skip="0">All Tests</stat>
</total>
<tag>
</tag>
<suite>
<stat name="Deposit Test" id="s1" pass="6" fail="0" skip="0">Deposit Test</stat>
</suite>
</statistics>
<errors>
</errors>
</robot>
