<?xml version="1.0" encoding="UTF-8"?>
<robot generator="Robot 7.0.1 (Python 3.11.9 on win32)" generated="2025-11-17T16:55:40.325683" rpa="false" schemaversion="5">
<suite id="s1" name="Scenario-8" source="D:\University Work CU Master’s Degree\Year 1, Term 1\Software Testing and Quality Assurance\Work\CU_Bank-Robot_Framework-github2\CU_Bank-Robot_Framework\testcases\scenario-8\scenario-8.robot">
<kw name="Open Browser To CU Bank" type="SETUP">
<kw name="Create Directory" owner="OperatingSystem">
<msg time="2025-11-17T16:55:40.764296" level="INFO" html="true">Directory '&lt;a href="file://D:\University Work CU Master’s Degree\Year 1, Term 1\Software Testing and Quality Assurance\Work\CU_Bank-Robot_Framework-github2\CU_Bank-Robot_Framework\testcases\scenario-8\screenshots"&gt;D:\University Work CU Master’s Degree\Year 1, Term 1\Software Testing and Quality Assurance\Work\CU_Bank-Robot_Framework-github2\CU_Bank-Robot_Framework\testcases\scenario-8\screenshots&lt;/a&gt;' already exists.</msg>
<arg>${SCREENSHOT_DIR}</arg>
<doc>Creates the specified directory.</doc>
<status status="PASS" start="2025-11-17T16:55:40.763308" elapsed="0.000988"/>
</kw>
<kw name="Open Browser" owner="SeleniumLibrary">
<msg time="2025-11-17T16:55:40.765296" level="INFO">Opening browser 'chrome' to base url 'http://localhost:3000'.</msg>
<arg>${BASE_URL}</arg>
<arg>${BROWSER}</arg>
<doc>Opens a new browser instance to the optional ``url``.</doc>
<status status="PASS" start="2025-11-17T16:55:40.765296" elapsed="1.663526"/>
</kw>
<kw name="Maximize Browser Window" owner="SeleniumLibrary">
<doc>Maximizes current browser window.</doc>
<status status="PASS" start="2025-11-17T16:55:42.429827" elapsed="0.439797"/>
</kw>
<kw name="Set Selenium Timeout" owner="SeleniumLibrary">
<arg>10s</arg>
<doc>Sets the timeout that is used by various keywords.</doc>
<status status="PASS" start="2025-11-17T16:55:42.870619" elapsed="0.002999"/>
</kw>
<doc>เปิด Browser และเตรียมโฟลเดอร์เก็บ Screenshot</doc>
<status status="PASS" start="2025-11-17T16:55:40.761302" elapsed="2.112316"/>
</kw>
<test id="s1-t1" name="TC8-01 Withdraw More Than Balance" line="35">
<kw name="Login As Valid User">
<kw name="Go To Login Page">
<kw name="Go To" owner="SeleniumLibrary">
<msg time="2025-11-17T16:55:42.879621" level="INFO">Opening url 'http://localhost:3000/'</msg>
<arg>${BASE_URL}/</arg>
<doc>Navigates the current browser window to the provided ``url``.</doc>
<status status="PASS" start="2025-11-17T16:55:42.879621" elapsed="0.084541"/>
</kw>
<kw name="Wait Until Page Contains Element" owner="SeleniumLibrary">
<arg>id=accountId</arg>
<arg>10s</arg>
<doc>Waits until the element ``locator`` appears on the current page.</doc>
<status status="PASS" start="2025-11-17T16:55:42.965164" elapsed="0.017994"/>
</kw>
<status status="PASS" start="2025-11-17T16:55:42.878621" elapsed="0.105533"/>
</kw>
<kw name="Input Text" owner="SeleniumLibrary">
<msg time="2025-11-17T16:55:42.984154" level="INFO">Typing text '1234567890' into text field 'id=accountId'.</msg>
<arg>id=accountId</arg>
<arg>${VALID_ACCOUNT_ID}</arg>
<doc>Types the given ``text`` into the text field identified by ``locator``.</doc>
<status status="PASS" start="2025-11-17T16:55:42.984154" elapsed="0.193108"/>
</kw>
<kw name="Input Text" owner="SeleniumLibrary">
<msg time="2025-11-17T16:55:43.178258" level="INFO">Typing text '1234' into text field 'id=password'.</msg>
<arg>id=password</arg>
<arg>${VALID_PASSWORD}</arg>
<doc>Types the given ``text`` into the text field identified by ``locator``.</doc>
<status status="PASS" start="2025-11-17T16:55:43.178258" elapsed="0.178118"/>
</kw>
<kw name="Click Button" owner="SeleniumLibrary">
<msg time="2025-11-17T16:55:43.357368" level="INFO">Clicking button 'css:button[cid="lc"]'.</msg>
<arg>css:button[cid="lc"]</arg>
<doc>Clicks the button identified by ``locator``.</doc>
<status status="PASS" start="2025-11-17T16:55:43.356376" elapsed="0.164575"/>
</kw>
<kw name="Wait Until Page Contains" owner="SeleniumLibrary">
<arg>Account ID:</arg>
<arg>10s</arg>
<doc>Waits until ``text`` appears on the current page.</doc>
<status status="PASS" start="2025-11-17T16:55:43.521951" elapsed="0.640994"/>
</kw>
<doc>ใช้ accountId/password ที่ valid ในระบบ</doc>
<status status="PASS" start="2025-11-17T16:55:42.876617" elapsed="1.286328"/>
</kw>
<kw name="Get Displayed Balance">
<kw name="Wait Until Keyword Succeeds" owner="BuiltIn">
<kw name="Get Balance Once">
<kw name="Wait Until Page Contains Element" owner="SeleniumLibrary">
<arg>xpath=//h2[normalize-space(.)="Balance:"]/following-sibling::h1[1]</arg>
<arg>10s</arg>
<doc>Waits until the element ``locator`` appears on the current page.</doc>
<status status="PASS" start="2025-11-17T16:55:44.162945" elapsed="0.016583"/>
</kw>
<kw name="Get Text" owner="SeleniumLibrary">
<msg time="2025-11-17T16:55:44.204138" level="INFO">${text} = 2970</msg>
<var>${text}</var>
<arg>xpath=//h2[normalize-space(.)="Balance:"]/following-sibling::h1[1]</arg>
<doc>Returns the text value of the element identified by ``locator``.</doc>
<status status="PASS" start="2025-11-17T16:55:44.179528" elapsed="0.024610"/>
</kw>
<kw name="Convert To Integer" owner="BuiltIn">
<msg time="2025-11-17T16:55:44.212273" level="INFO">${value} = 2970</msg>
<var>${value}</var>
<arg>${text}</arg>
<doc>Converts the given item to an integer number.</doc>
<status status="PASS" start="2025-11-17T16:55:44.204138" elapsed="0.008135"/>
</kw>
<return>
<value>${value}</value>
<status status="PASS" start="2025-11-17T16:55:44.212273" elapsed="0.000000"/>
</return>
<doc>อ่านค่า Balance จากหน้า UI</doc>
<status status="PASS" start="2025-11-17T16:55:44.162945" elapsed="0.049328"/>
</kw>
<msg time="2025-11-17T16:55:44.212273" level="INFO">${value} = 2970</msg>
<var>${value}</var>
<arg>3x</arg>
<arg>0.5s</arg>
<arg>Get Balance Once</arg>
<doc>Runs the specified keyword and retries if it fails.</doc>
<status status="PASS" start="2025-11-17T16:55:44.162945" elapsed="0.049328"/>
</kw>
<return>
<value>${value}</value>
<status status="PASS" start="2025-11-17T16:55:44.212273" elapsed="0.000000"/>
</return>
<msg time="2025-11-17T16:55:44.212273" level="INFO">${before} = 2970</msg>
<var>${before}</var>
<doc>อ่าน Balance โดย retry กรณี DOM ถูก re-render กัน StaleElementReferenceException</doc>
<status status="PASS" start="2025-11-17T16:55:44.162945" elapsed="0.049328"/>
</kw>
<kw name="Deposit Amount">
<kw name="Wait Until Page Contains Element" owner="SeleniumLibrary">
<arg>css:input[cid="d1"]</arg>
<arg>10s</arg>
<doc>Waits until the element ``locator`` appears on the current page.</doc>
<status status="PASS" start="2025-11-17T16:55:44.212273" elapsed="0.008169"/>
</kw>
<kw name="Clear Element Text" owner="SeleniumLibrary">
<arg>css:input[cid="d1"]</arg>
<doc>Clears the value of the text-input-element identified by ``locator``.</doc>
<status status="PASS" start="2025-11-17T16:55:44.220442" elapsed="0.042394"/>
</kw>
<kw name="Input Text" owner="SeleniumLibrary">
<msg time="2025-11-17T16:55:44.262836" level="INFO">Typing text '100' into text field 'css:input[cid="d1"]'.</msg>
<arg>css:input[cid="d1"]</arg>
<arg>${amount}</arg>
<doc>Types the given ``text`` into the text field identified by ``locator``.</doc>
<status status="PASS" start="2025-11-17T16:55:44.262836" elapsed="0.100093"/>
</kw>
<kw name="Click Button" owner="SeleniumLibrary">
<msg time="2025-11-17T16:55:44.364171" level="INFO">Clicking button 'css:button[cid="dc"]'.</msg>
<arg>css:button[cid="dc"]</arg>
<doc>Clicks the button identified by ``locator``.</doc>
<status status="PASS" start="2025-11-17T16:55:44.362929" elapsed="0.150743"/>
</kw>
<arg>${DEPOSIT_AMOUNT}</arg>
<doc>ฝากเงินด้วยจำนวน ${amount}</doc>
<status status="PASS" start="2025-11-17T16:55:44.212273" elapsed="0.301399"/>
</kw>
<kw name="Evaluate" owner="BuiltIn">
<msg time="2025-11-17T16:55:44.522670" level="INFO">${expected_after_deposit} = 3070</msg>
<var>${expected_after_deposit}</var>
<arg>${before} + ${DEPOSIT_AMOUNT}</arg>
<doc>Evaluates the given expression in Python and returns the result.</doc>
<status status="PASS" start="2025-11-17T16:55:44.521667" elapsed="0.001003"/>
</kw>
<kw name="Wait For Balance To Equal">
<kw name="Wait Until Keyword Succeeds" owner="BuiltIn">
<kw name="Balance Should Be">
<kw name="Get Displayed Balance">
<kw name="Wait Until Keyword Succeeds" owner="BuiltIn">
<kw name="Get Balance Once">
<kw name="Wait Until Page Contains Element" owner="SeleniumLibrary">
<arg>xpath=//h2[normalize-space(.)="Balance:"]/following-sibling::h1[1]</arg>
<arg>10s</arg>
<doc>Waits until the element ``locator`` appears on the current page.</doc>
<status status="PASS" start="2025-11-17T16:55:44.527695" elapsed="0.013494"/>
</kw>
<kw name="Get Text" owner="SeleniumLibrary">
<msg time="2025-11-17T16:55:44.562425" level="INFO">${text} = 2970</msg>
<var>${text}</var>
<arg>xpath=//h2[normalize-space(.)="Balance:"]/following-sibling::h1[1]</arg>
<doc>Returns the text value of the element identified by ``locator``.</doc>
<status status="PASS" start="2025-11-17T16:55:44.541189" elapsed="0.021236"/>
</kw>
<kw name="Convert To Integer" owner="BuiltIn">
<msg time="2025-11-17T16:55:44.562425" level="INFO">${value} = 2970</msg>
<var>${value}</var>
<arg>${text}</arg>
<doc>Converts the given item to an integer number.</doc>
<status status="PASS" start="2025-11-17T16:55:44.562425" elapsed="0.000000"/>
</kw>
<return>
<value>${value}</value>
<status status="PASS" start="2025-11-17T16:55:44.562425" elapsed="0.000000"/>
</return>
<doc>อ่านค่า Balance จากหน้า UI</doc>
<status status="PASS" start="2025-11-17T16:55:44.526683" elapsed="0.035742"/>
</kw>
<msg time="2025-11-17T16:55:44.562425" level="INFO">${value} = 2970</msg>
<var>${value}</var>
<arg>3x</arg>
<arg>0.5s</arg>
<arg>Get Balance Once</arg>
<doc>Runs the specified keyword and retries if it fails.</doc>
<status status="PASS" start="2025-11-17T16:55:44.525668" elapsed="0.036757"/>
</kw>
<return>
<value>${value}</value>
<status status="PASS" start="2025-11-17T16:55:44.562425" elapsed="0.000000"/>
</return>
<msg time="2025-11-17T16:55:44.562425" level="INFO">${current} = 2970</msg>
<var>${current}</var>
<doc>อ่าน Balance โดย retry กรณี DOM ถูก re-render กัน StaleElementReferenceException</doc>
<status status="PASS" start="2025-11-17T16:55:44.525668" elapsed="0.036757"/>
</kw>
<kw name="Should Be Equal As Integers" owner="BuiltIn">
<msg time="2025-11-17T16:55:44.562425" level="FAIL">2970 != 3070</msg>
<arg>${current}</arg>
<arg>${expected}</arg>
<doc>Fails if objects are unequal after converting them to integers.</doc>
<status status="FAIL" start="2025-11-17T16:55:44.562425" elapsed="0.000000">2970 != 3070</status>
</kw>
<arg>${expected}</arg>
<status status="FAIL" start="2025-11-17T16:55:44.524664" elapsed="0.037761">2970 != 3070</status>
</kw>
<kw name="Balance Should Be">
<kw name="Get Displayed Balance">
<kw name="Wait Until Keyword Succeeds" owner="BuiltIn">
<kw name="Get Balance Once">
<kw name="Wait Until Page Contains Element" owner="SeleniumLibrary">
<arg>xpath=//h2[normalize-space(.)="Balance:"]/following-sibling::h1[1]</arg>
<arg>10s</arg>
<doc>Waits until the element ``locator`` appears on the current page.</doc>
<status status="PASS" start="2025-11-17T16:55:45.062736" elapsed="0.022886"/>
</kw>
<kw name="Get Text" owner="SeleniumLibrary">
<msg time="2025-11-17T16:55:45.110497" level="INFO">${text} = 3070</msg>
<var>${text}</var>
<arg>xpath=//h2[normalize-space(.)="Balance:"]/following-sibling::h1[1]</arg>
<doc>Returns the text value of the element identified by ``locator``.</doc>
<status status="PASS" start="2025-11-17T16:55:45.085622" elapsed="0.024875"/>
</kw>
<kw name="Convert To Integer" owner="BuiltIn">
<msg time="2025-11-17T16:55:45.110497" level="INFO">${value} = 3070</msg>
<var>${value}</var>
<arg>${text}</arg>
<doc>Converts the given item to an integer number.</doc>
<status status="PASS" start="2025-11-17T16:55:45.110497" elapsed="0.000000"/>
</kw>
<return>
<value>${value}</value>
<status status="PASS" start="2025-11-17T16:55:45.110497" elapsed="0.000000"/>
</return>
<doc>อ่านค่า Balance จากหน้า UI</doc>
<status status="PASS" start="2025-11-17T16:55:45.062736" elapsed="0.047761"/>
</kw>
<msg time="2025-11-17T16:55:45.110497" level="INFO">${value} = 3070</msg>
<var>${value}</var>
<arg>3x</arg>
<arg>0.5s</arg>
<arg>Get Balance Once</arg>
<doc>Runs the specified keyword and retries if it fails.</doc>
<status status="PASS" start="2025-11-17T16:55:45.062736" elapsed="0.047761"/>
</kw>
<return>
<value>${value}</value>
<status status="PASS" start="2025-11-17T16:55:45.110497" elapsed="0.008313"/>
</return>
<msg time="2025-11-17T16:55:45.118810" level="INFO">${current} = 3070</msg>
<var>${current}</var>
<doc>อ่าน Balance โดย retry กรณี DOM ถูก re-render กัน StaleElementReferenceException</doc>
<status status="PASS" start="2025-11-17T16:55:45.062736" elapsed="0.056074"/>
</kw>
<kw name="Should Be Equal As Integers" owner="BuiltIn">
<arg>${current}</arg>
<arg>${expected}</arg>
<doc>Fails if objects are unequal after converting them to integers.</doc>
<status status="PASS" start="2025-11-17T16:55:45.118810" elapsed="0.000000"/>
</kw>
<arg>${expected}</arg>
<status status="PASS" start="2025-11-17T16:55:45.062736" elapsed="0.056074"/>
</kw>
<arg>5x</arg>
<arg>0.5s</arg>
<arg>Balance Should Be</arg>
<arg>${expected}</arg>
<doc>Runs the specified keyword and retries if it fails.</doc>
<status status="PASS" start="2025-11-17T16:55:44.524664" elapsed="0.594146"/>
</kw>
<arg>${expected_after_deposit}</arg>
<status status="PASS" start="2025-11-17T16:55:44.523672" elapsed="0.595138"/>
</kw>
<kw name="Sleep" owner="BuiltIn">
<msg time="2025-11-17T16:55:45.619017" level="INFO">Slept 500 milliseconds.</msg>
<arg>0.5s</arg>
<doc>Pauses the test executed for the given time.</doc>
<status status="PASS" start="2025-11-17T16:55:45.118810" elapsed="0.500207"/>
</kw>
<kw name="Capture Page Screenshot" owner="SeleniumLibrary">
<msg time="2025-11-17T16:55:45.754396" level="INFO" html="true">&lt;/td&gt;&lt;/tr&gt;&lt;tr&gt;&lt;td colspan="3"&gt;&lt;a href="screenshots/TC8-01-Deposit100valid.png"&gt;&lt;img src="screenshots/TC8-01-Deposit100valid.png" width="800px"&gt;&lt;/a&gt;</msg>
<arg>screenshots/TC8-01-Deposit100valid.png</arg>
<doc>Takes a screenshot of the current page and embeds it into a log file.</doc>
<status status="PASS" start="2025-11-17T16:55:45.619017" elapsed="0.135379"/>
</kw>
<kw name="Withdraw Amount">
<kw name="Wait Until Page Contains Element" owner="SeleniumLibrary">
<arg>css:input[cid="w1"]</arg>
<arg>10s</arg>
<doc>Waits until the element ``locator`` appears on the current page.</doc>
<status status="PASS" start="2025-11-17T16:55:45.757144" elapsed="0.014851"/>
</kw>
<kw name="Clear Element Text" owner="SeleniumLibrary">
<arg>css:input[cid="w1"]</arg>
<doc>Clears the value of the text-input-element identified by ``locator``.</doc>
<status status="PASS" start="2025-11-17T16:55:45.772552" elapsed="0.042039"/>
</kw>
<kw name="Input Text" owner="SeleniumLibrary">
<msg time="2025-11-17T16:55:45.814591" level="INFO">Typing text '9999999999' into text field 'css:input[cid="w1"]'.</msg>
<arg>css:input[cid="w1"]</arg>
<arg>${amount}</arg>
<doc>Types the given ``text`` into the text field identified by ``locator``.</doc>
<status status="PASS" start="2025-11-17T16:55:45.814591" elapsed="0.157022"/>
</kw>
<kw name="Click Button" owner="SeleniumLibrary">
<msg time="2025-11-17T16:55:45.972613" level="INFO">Clicking button 'css:button[cid="wc"]'.</msg>
<arg>css:button[cid="wc"]</arg>
<doc>Clicks the button identified by ``locator``.</doc>
<status status="PASS" start="2025-11-17T16:55:45.971613" elapsed="0.141007"/>
</kw>
<arg>${WITHDRAW_GT_BALANCE}</arg>
<doc>พยายามถอนเงินด้วยจำนวน ${amount}</doc>
<status status="PASS" start="2025-11-17T16:55:45.756606" elapsed="0.357020"/>
</kw>
<kw name="Wait Until Page Contains" owner="SeleniumLibrary">
<arg>${INSUFFICIENT_BALANCE_MSG}</arg>
<arg>10s</arg>
<doc>Waits until ``text`` appears on the current page.</doc>
<status status="PASS" start="2025-11-17T16:55:46.114633" elapsed="0.028196"/>
</kw>
<kw name="Wait Until Page Contains Element" owner="SeleniumLibrary">
<arg>css:label[cid="withdraw-error-mes"]</arg>
<arg>10s</arg>
<doc>Waits until the element ``locator`` appears on the current page.</doc>
<status status="PASS" start="2025-11-17T16:55:46.142829" elapsed="0.023778"/>
</kw>
<kw name="Get Displayed Balance">
<kw name="Wait Until Keyword Succeeds" owner="BuiltIn">
<kw name="Get Balance Once">
<kw name="Wait Until Page Contains Element" owner="SeleniumLibrary">
<arg>xpath=//h2[normalize-space(.)="Balance:"]/following-sibling::h1[1]</arg>
<arg>10s</arg>
<doc>Waits until the element ``locator`` appears on the current page.</doc>
<status status="PASS" start="2025-11-17T16:55:46.166607" elapsed="0.016695"/>
</kw>
<kw name="Get Text" owner="SeleniumLibrary">
<msg time="2025-11-17T16:55:46.217570" level="INFO">${text} = 3070</msg>
<var>${text}</var>
<arg>xpath=//h2[normalize-space(.)="Balance:"]/following-sibling::h1[1]</arg>
<doc>Returns the text value of the element identified by ``locator``.</doc>
<status status="PASS" start="2025-11-17T16:55:46.183302" elapsed="0.034268"/>
</kw>
<kw name="Convert To Integer" owner="BuiltIn">
<msg time="2025-11-17T16:55:46.217570" level="INFO">${value} = 3070</msg>
<var>${value}</var>
<arg>${text}</arg>
<doc>Converts the given item to an integer number.</doc>
<status status="PASS" start="2025-11-17T16:55:46.217570" elapsed="0.000000"/>
</kw>
<return>
<value>${value}</value>
<status status="PASS" start="2025-11-17T16:55:46.217570" elapsed="0.000000"/>
</return>
<doc>อ่านค่า Balance จากหน้า UI</doc>
<status status="PASS" start="2025-11-17T16:55:46.166607" elapsed="0.050963"/>
</kw>
<msg time="2025-11-17T16:55:46.217570" level="INFO">${value} = 3070</msg>
<var>${value}</var>
<arg>3x</arg>
<arg>0.5s</arg>
<arg>Get Balance Once</arg>
<doc>Runs the specified keyword and retries if it fails.</doc>
<status status="PASS" start="2025-11-17T16:55:46.166607" elapsed="0.050963"/>
</kw>
<return>
<value>${value}</value>
<status status="PASS" start="2025-11-17T16:55:46.217570" elapsed="0.000000"/>
</return>
<msg time="2025-11-17T16:55:46.217570" level="INFO">${after_withdraw} = 3070</msg>
<var>${after_withdraw}</var>
<doc>อ่าน Balance โดย retry กรณี DOM ถูก re-render กัน StaleElementReferenceException</doc>
<status status="PASS" start="2025-11-17T16:55:46.166607" elapsed="0.050963"/>
</kw>
<kw name="Should Be Equal As Integers" owner="BuiltIn">
<arg>${after_withdraw}</arg>
<arg>${expected_after_deposit}</arg>
<doc>Fails if objects are unequal after converting them to integers.</doc>
<status status="PASS" start="2025-11-17T16:55:46.217570" elapsed="0.000000"/>
</kw>
<kw name="Sleep" owner="BuiltIn">
<msg time="2025-11-17T16:55:46.718185" level="INFO">Slept 500 milliseconds.</msg>
<arg>0.5s</arg>
<doc>Pauses the test executed for the given time.</doc>
<status status="PASS" start="2025-11-17T16:55:46.217570" elapsed="0.500615"/>
</kw>
<kw name="Capture Page Screenshot" owner="SeleniumLibrary">
<msg time="2025-11-17T16:55:46.864002" level="INFO" html="true">&lt;/td&gt;&lt;/tr&gt;&lt;tr&gt;&lt;td colspan="3"&gt;&lt;a href="screenshots/TC8-01-Withdraw%E0%B8%A1%E0%B8%B2%E0%B8%81%E0%B8%81%E0%B8%A7%E0%B9%88%E0%B8%B2Balance.png"&gt;&lt;img src="screenshots/TC8-01-Withdraw%E0%B8%A1%E0%B8%B2%E0%B8%81%E0%B8%81%E0%B8%A7%E0%B9%88%E0%B8%B2Balance.png" width="800px"&gt;&lt;/a&gt;</msg>
<arg>screenshots/TC8-01-Withdrawมากกว่าBalance.png</arg>
<doc>Takes a screenshot of the current page and embeds it into a log file.</doc>
<status status="PASS" start="2025-11-17T16:55:46.718185" elapsed="0.145817"/>
</kw>
<kw name="Transfer Amount">
<kw name="Wait Until Page Contains" owner="SeleniumLibrary">
<arg>Transfer</arg>
<arg>10s</arg>
<doc>Waits until ``text`` appears on the current page.</doc>
<status status="PASS" start="2025-11-17T16:55:46.864002" elapsed="0.023764"/>
</kw>
<kw name="Clear Element Text" owner="SeleniumLibrary">
<arg>id=accountId</arg>
<doc>Clears the value of the text-input-element identified by ``locator``.</doc>
<status status="PASS" start="2025-11-17T16:55:46.887766" elapsed="0.044715"/>
</kw>
<kw name="Input Text" owner="SeleniumLibrary">
<msg time="2025-11-17T16:55:46.932481" level="INFO">Typing text '1234567891' into text field 'id=accountId'.</msg>
<arg>id=accountId</arg>
<arg>${target_account_id}</arg>
<doc>Types the given ``text`` into the text field identified by ``locator``.</doc>
<status status="PASS" start="2025-11-17T16:55:46.932481" elapsed="0.118645"/>
</kw>
<kw name="Wait Until Page Contains Element" owner="SeleniumLibrary">
<arg>css:input[cid="t2"]</arg>
<arg>10s</arg>
<doc>Waits until the element ``locator`` appears on the current page.</doc>
<status status="PASS" start="2025-11-17T16:55:47.051126" elapsed="0.022840"/>
</kw>
<kw name="Clear Element Text" owner="SeleniumLibrary">
<arg>css:input[cid="t2"]</arg>
<doc>Clears the value of the text-input-element identified by ``locator``.</doc>
<status status="PASS" start="2025-11-17T16:55:47.073966" elapsed="0.076550"/>
</kw>
<kw name="Input Text" owner="SeleniumLibrary">
<msg time="2025-11-17T16:55:47.152529" level="INFO">Typing text '50' into text field 'css:input[cid="t2"]'.</msg>
<arg>css:input[cid="t2"]</arg>
<arg>${amount}</arg>
<doc>Types the given ``text`` into the text field identified by ``locator``.</doc>
<status status="PASS" start="2025-11-17T16:55:47.152529" elapsed="0.194634"/>
</kw>
<kw name="Click Button" owner="SeleniumLibrary">
<msg time="2025-11-17T16:55:47.348181" level="INFO">Clicking button 'css:button[cid="tc"]'.</msg>
<arg>css:button[cid="tc"]</arg>
<doc>Clicks the button identified by ``locator``.</doc>
<status status="PASS" start="2025-11-17T16:55:47.347163" elapsed="0.169816"/>
</kw>
<arg>${TARGET_ACCOUNT_ID}</arg>
<arg>${TRANSFER_AMOUNT}</arg>
<doc>โอน ${amount} ไปยังบัญชีเป้าหมาย 1234567891</doc>
<status status="PASS" start="2025-11-17T16:55:46.864002" elapsed="0.652977"/>
</kw>
<kw name="Evaluate" owner="BuiltIn">
<msg time="2025-11-17T16:55:47.516979" level="INFO">${expected_after_transfer} = 3020</msg>
<var>${expected_after_transfer}</var>
<arg>${expected_after_deposit} - ${TRANSFER_AMOUNT}</arg>
<doc>Evaluates the given expression in Python and returns the result.</doc>
<status status="PASS" start="2025-11-17T16:55:47.516979" elapsed="0.000000"/>
</kw>
<kw name="Wait For Balance To Equal">
<kw name="Wait Until Keyword Succeeds" owner="BuiltIn">
<kw name="Balance Should Be">
<kw name="Get Displayed Balance">
<kw name="Wait Until Keyword Succeeds" owner="BuiltIn">
<kw name="Get Balance Once">
<kw name="Wait Until Page Contains Element" owner="SeleniumLibrary">
<arg>xpath=//h2[normalize-space(.)="Balance:"]/following-sibling::h1[1]</arg>
<arg>10s</arg>
<doc>Waits until the element ``locator`` appears on the current page.</doc>
<status status="PASS" start="2025-11-17T16:55:47.526497" elapsed="0.011996"/>
</kw>
<kw name="Get Text" owner="SeleniumLibrary">
<msg time="2025-11-17T16:55:47.556499" level="INFO">${text} = 3070</msg>
<var>${text}</var>
<arg>xpath=//h2[normalize-space(.)="Balance:"]/following-sibling::h1[1]</arg>
<doc>Returns the text value of the element identified by ``locator``.</doc>
<status status="PASS" start="2025-11-17T16:55:47.538493" elapsed="0.018006"/>
</kw>
<kw name="Convert To Integer" owner="BuiltIn">
<msg time="2025-11-17T16:55:47.556499" level="INFO">${value} = 3070</msg>
<var>${value}</var>
<arg>${text}</arg>
<doc>Converts the given item to an integer number.</doc>
<status status="PASS" start="2025-11-17T16:55:47.556499" elapsed="0.000000"/>
</kw>
<return>
<value>${value}</value>
<status status="PASS" start="2025-11-17T16:55:47.556499" elapsed="0.000000"/>
</return>
<doc>อ่านค่า Balance จากหน้า UI</doc>
<status status="PASS" start="2025-11-17T16:55:47.525500" elapsed="0.039229"/>
</kw>
<msg time="2025-11-17T16:55:47.564729" level="INFO">${value} = 3070</msg>
<var>${value}</var>
<arg>3x</arg>
<arg>0.5s</arg>
<arg>Get Balance Once</arg>
<doc>Runs the specified keyword and retries if it fails.</doc>
<status status="PASS" start="2025-11-17T16:55:47.525500" elapsed="0.039229"/>
</kw>
<return>
<value>${value}</value>
<status status="PASS" start="2025-11-17T16:55:47.564729" elapsed="0.000000"/>
</return>
<msg time="2025-11-17T16:55:47.564729" level="INFO">${current} = 3070</msg>
<var>${current}</var>
<doc>อ่าน Balance โดย retry กรณี DOM ถูก re-render กัน StaleElementReferenceException</doc>
<status status="PASS" start="2025-11-17T16:55:47.524497" elapsed="0.040232"/>
</kw>
<kw name="Should Be Equal As Integers" owner="BuiltIn">
<msg time="2025-11-17T16:55:47.564729" level="FAIL">3070 != 3020</msg>
<arg>${current}</arg>
<arg>${expected}</arg>
<doc>Fails if objects are unequal after converting them to integers.</doc>
<status status="FAIL" start="2025-11-17T16:55:47.564729" elapsed="0.000000">3070 != 3020</status>
</kw>
<arg>${expected}</arg>
<status status="FAIL" start="2025-11-17T16:55:47.523492" elapsed="0.041237">3070 != 3020</status>
</kw>
<kw name="Balance Should Be">
<kw name="Get Displayed Balance">
<kw name="Wait Until Keyword Succeeds" owner="BuiltIn">
<kw name="Get Balance Once">
<kw name="Wait Until Page Contains Element" owner="SeleniumLibrary">
<arg>xpath=//h2[normalize-space(.)="Balance:"]/following-sibling::h1[1]</arg>
<arg>10s</arg>
<doc>Waits until the element ``locator`` appears on the current page.</doc>
<status status="PASS" start="2025-11-17T16:55:48.066811" elapsed="0.015672"/>
</kw>
<kw name="Get Text" owner="SeleniumLibrary">
<msg time="2025-11-17T16:55:48.205661" level="INFO">${text} = 3020</msg>
<var>${text}</var>
<arg>xpath=//h2[normalize-space(.)="Balance:"]/following-sibling::h1[1]</arg>
<doc>Returns the text value of the element identified by ``locator``.</doc>
<status status="PASS" start="2025-11-17T16:55:48.082483" elapsed="0.123178"/>
</kw>
<kw name="Convert To Integer" owner="BuiltIn">
<msg time="2025-11-17T16:55:48.205661" level="INFO">${value} = 3020</msg>
<var>${value}</var>
<arg>${text}</arg>
<doc>Converts the given item to an integer number.</doc>
<status status="PASS" start="2025-11-17T16:55:48.205661" elapsed="0.000000"/>
</kw>
<return>
<value>${value}</value>
<status status="PASS" start="2025-11-17T16:55:48.205661" elapsed="0.000000"/>
</return>
<doc>อ่านค่า Balance จากหน้า UI</doc>
<status status="PASS" start="2025-11-17T16:55:48.066811" elapsed="0.138850"/>
</kw>
<msg time="2025-11-17T16:55:48.205661" level="INFO">${value} = 3020</msg>
<var>${value}</var>
<arg>3x</arg>
<arg>0.5s</arg>
<arg>Get Balance Once</arg>
<doc>Runs the specified keyword and retries if it fails.</doc>
<status status="PASS" start="2025-11-17T16:55:48.066262" elapsed="0.139399"/>
</kw>
<return>
<value>${value}</value>
<status status="PASS" start="2025-11-17T16:55:48.205661" elapsed="0.000000"/>
</return>
<msg time="2025-11-17T16:55:48.205661" level="INFO">${current} = 3020</msg>
<var>${current}</var>
<doc>อ่าน Balance โดย retry กรณี DOM ถูก re-render กัน StaleElementReferenceException</doc>
<status status="PASS" start="2025-11-17T16:55:48.065731" elapsed="0.139930"/>
</kw>
<kw name="Should Be Equal As Integers" owner="BuiltIn">
<arg>${current}</arg>
<arg>${expected}</arg>
<doc>Fails if objects are unequal after converting them to integers.</doc>
<status status="PASS" start="2025-11-17T16:55:48.205661" elapsed="0.000000"/>
</kw>
<arg>${expected}</arg>
<status status="PASS" start="2025-11-17T16:55:48.065203" elapsed="0.140458"/>
</kw>
<arg>5x</arg>
<arg>0.5s</arg>
<arg>Balance Should Be</arg>
<arg>${expected}</arg>
<doc>Runs the specified keyword and retries if it fails.</doc>
<status status="PASS" start="2025-11-17T16:55:47.522475" elapsed="0.683186"/>
</kw>
<arg>${expected_after_transfer}</arg>
<status status="PASS" start="2025-11-17T16:55:47.520725" elapsed="0.684936"/>
</kw>
<kw name="Sleep" owner="BuiltIn">
<msg time="2025-11-17T16:55:48.715047" level="INFO">Slept 500 milliseconds.</msg>
<arg>0.5s</arg>
<doc>Pauses the test executed for the given time.</doc>
<status status="PASS" start="2025-11-17T16:55:48.214010" elapsed="0.501037"/>
</kw>
<kw name="Capture Page Screenshot" owner="SeleniumLibrary">
<msg time="2025-11-17T16:55:48.861286" level="INFO" html="true">&lt;/td&gt;&lt;/tr&gt;&lt;tr&gt;&lt;td colspan="3"&gt;&lt;a href="screenshots/TC8-01-Transfer50valid.png"&gt;&lt;img src="screenshots/TC8-01-Transfer50valid.png" width="800px"&gt;&lt;/a&gt;</msg>
<arg>screenshots/TC8-01-Transfer50valid.png</arg>
<doc>Takes a screenshot of the current page and embeds it into a log file.</doc>
<status status="PASS" start="2025-11-17T16:55:48.715047" elapsed="0.146239"/>
</kw>
<kw name="Capture Screenshot For Test" type="TEARDOWN">
<kw name="Set Variable" owner="BuiltIn">
<msg time="2025-11-17T16:55:48.861286" level="INFO">${status} = PASS</msg>
<var>${status}</var>
<arg>${TEST STATUS}</arg>
<doc>Returns the given values which can then be assigned to a variables.</doc>
<status status="PASS" start="2025-11-17T16:55:48.861286" elapsed="0.000000"/>
</kw>
<kw name="Set Variable" owner="BuiltIn">
<msg time="2025-11-17T16:55:48.861286" level="INFO">${name} = TC8-01 Withdraw More Than Balance</msg>
<var>${name}</var>
<arg>${TEST NAME}</arg>
<doc>Returns the given values which can then be assigned to a variables.</doc>
<status status="PASS" start="2025-11-17T16:55:48.861286" elapsed="0.000000"/>
</kw>
<kw name="Execute Javascript" owner="SeleniumLibrary">
<msg time="2025-11-17T16:55:48.861286" level="INFO">Executing JavaScript:
window.scrollTo(0,0);
Without any arguments.</msg>
<arg>window.scrollTo(0,0);</arg>
<doc>Executes the given JavaScript code with possible arguments.</doc>
<status status="PASS" start="2025-11-17T16:55:48.861286" elapsed="0.016822"/>
</kw>
<kw name="Run Keyword If" owner="BuiltIn">
<kw name="Capture Page Screenshot" owner="SeleniumLibrary">
<msg time="2025-11-17T16:55:49.023594" level="INFO" html="true">&lt;/td&gt;&lt;/tr&gt;&lt;tr&gt;&lt;td colspan="3"&gt;&lt;a href="screenshots/PASS_TC8-01%20Withdraw%20More%20Than%20Balance-scroll.png"&gt;&lt;img src="screenshots/PASS_TC8-01%20Withdraw%20More%20Than%20Balance-scroll.png" width="800px"&gt;&lt;/a&gt;</msg>
<arg>${SCREENSHOT_DIR}${/}PASS_${name}-scroll.png</arg>
<doc>Takes a screenshot of the current page and embeds it into a log file.</doc>
<status status="PASS" start="2025-11-17T16:55:48.879216" elapsed="0.144378"/>
</kw>
<arg>'${status}' == 'PASS' and '${CAPTURE_ON_PASS}' == 'True'</arg>
<arg>Capture Page Screenshot</arg>
<arg>${SCREENSHOT_DIR}${/}PASS_${name}-scroll.png</arg>
<doc>Runs the given keyword with the given arguments, if ``condition`` is true.</doc>
<status status="PASS" start="2025-11-17T16:55:48.879216" elapsed="0.144378"/>
</kw>
<kw name="Run Keyword If" owner="BuiltIn">
<arg>'${status}' == 'FAIL'</arg>
<arg>Capture Page Screenshot</arg>
<arg>${SCREENSHOT_DIR}${/}FAIL_${name}-scroll.png</arg>
<doc>Runs the given keyword with the given arguments, if ``condition`` is true.</doc>
<status status="PASS" start="2025-11-17T16:55:49.024593" elapsed="0.000000"/>
</kw>
<doc>จับ Screenshot ทุกครั้งที่จบเทสต์</doc>
<status status="PASS" start="2025-11-17T16:55:48.861286" elapsed="0.164307"/>
</kw>
<doc>Scenario 8 / TC8-01:
Login ผ่าน แล้ว Deposit 100 valid แล้ว Withdraw มากกว่า Balance แล้ว Transfer 50 valid</doc>
<status status="PASS" start="2025-11-17T16:55:42.873618" elapsed="6.151975"/>
</test>
<test id="s1-t2" name="TC8-02 Withdraw Amount Zero" line="64">
<kw name="Login As Valid User">
<kw name="Go To Login Page">
<kw name="Go To" owner="SeleniumLibrary">
<msg time="2025-11-17T16:55:49.030592" level="INFO">Opening url 'http://localhost:3000/'</msg>
<arg>${BASE_URL}/</arg>
<doc>Navigates the current browser window to the provided ``url``.</doc>
<status status="PASS" start="2025-11-17T16:55:49.030592" elapsed="0.083547"/>
</kw>
<kw name="Wait Until Page Contains Element" owner="SeleniumLibrary">
<arg>id=accountId</arg>
<arg>10s</arg>
<doc>Waits until the element ``locator`` appears on the current page.</doc>
<status status="PASS" start="2025-11-17T16:55:49.114139" elapsed="0.016993"/>
</kw>
<status status="PASS" start="2025-11-17T16:55:49.029593" elapsed="0.101539"/>
</kw>
<kw name="Input Text" owner="SeleniumLibrary">
<msg time="2025-11-17T16:55:49.132029" level="INFO">Typing text '1234567890' into text field 'id=accountId'.</msg>
<arg>id=accountId</arg>
<arg>${VALID_ACCOUNT_ID}</arg>
<doc>Types the given ``text`` into the text field identified by ``locator``.</doc>
<status status="PASS" start="2025-11-17T16:55:49.131599" elapsed="0.121913"/>
</kw>
<kw name="Input Text" owner="SeleniumLibrary">
<msg time="2025-11-17T16:55:49.254330" level="INFO">Typing text '1234' into text field 'id=password'.</msg>
<arg>id=password</arg>
<arg>${VALID_PASSWORD}</arg>
<doc>Types the given ``text`` into the text field identified by ``locator``.</doc>
<status status="PASS" start="2025-11-17T16:55:49.253512" elapsed="0.098868"/>
</kw>
<kw name="Click Button" owner="SeleniumLibrary">
<msg time="2025-11-17T16:55:49.353405" level="INFO">Clicking button 'css:button[cid="lc"]'.</msg>
<arg>css:button[cid="lc"]</arg>
<doc>Clicks the button identified by ``locator``.</doc>
<status status="PASS" start="2025-11-17T16:55:49.353405" elapsed="0.103057"/>
</kw>
<kw name="Wait Until Page Contains" owner="SeleniumLibrary">
<arg>Account ID:</arg>
<arg>10s</arg>
<doc>Waits until ``text`` appears on the current page.</doc>
<status status="PASS" start="2025-11-17T16:55:49.457461" elapsed="0.527642"/>
</kw>
<doc>ใช้ accountId/password ที่ valid ในระบบ</doc>
<status status="PASS" start="2025-11-17T16:55:49.029593" elapsed="0.955510"/>
</kw>
<kw name="Get Displayed Balance">
<kw name="Wait Until Keyword Succeeds" owner="BuiltIn">
<kw name="Get Balance Once">
<kw name="Wait Until Page Contains Element" owner="SeleniumLibrary">
<arg>xpath=//h2[normalize-space(.)="Balance:"]/following-sibling::h1[1]</arg>
<arg>10s</arg>
<doc>Waits until the element ``locator`` appears on the current page.</doc>
<status status="PASS" start="2025-11-17T16:55:49.985103" elapsed="0.016669"/>
</kw>
<kw name="Get Text" owner="SeleniumLibrary">
<msg time="2025-11-17T16:55:50.026699" level="INFO">${text} = 3020</msg>
<var>${text}</var>
<arg>xpath=//h2[normalize-space(.)="Balance:"]/following-sibling::h1[1]</arg>
<doc>Returns the text value of the element identified by ``locator``.</doc>
<status status="PASS" start="2025-11-17T16:55:50.001772" elapsed="0.024927"/>
</kw>
<kw name="Convert To Integer" owner="BuiltIn">
<msg time="2025-11-17T16:55:50.026699" level="INFO">${value} = 3020</msg>
<var>${value}</var>
<arg>${text}</arg>
<doc>Converts the given item to an integer number.</doc>
<status status="PASS" start="2025-11-17T16:55:50.026699" elapsed="0.000000"/>
</kw>
<return>
<value>${value}</value>
<status status="PASS" start="2025-11-17T16:55:50.026699" elapsed="0.000000"/>
</return>
<doc>อ่านค่า Balance จากหน้า UI</doc>
<status status="PASS" start="2025-11-17T16:55:49.985103" elapsed="0.041596"/>
</kw>
<msg time="2025-11-17T16:55:50.026699" level="INFO">${value} = 3020</msg>
<var>${value}</var>
<arg>3x</arg>
<arg>0.5s</arg>
<arg>Get Balance Once</arg>
<doc>Runs the specified keyword and retries if it fails.</doc>
<status status="PASS" start="2025-11-17T16:55:49.985103" elapsed="0.041596"/>
</kw>
<return>
<value>${value}</value>
<status status="PASS" start="2025-11-17T16:55:50.026699" elapsed="0.000000"/>
</return>
<msg time="2025-11-17T16:55:50.026699" level="INFO">${before} = 3020</msg>
<var>${before}</var>
<doc>อ่าน Balance โดย retry กรณี DOM ถูก re-render กัน StaleElementReferenceException</doc>
<status status="PASS" start="2025-11-17T16:55:49.985103" elapsed="0.041596"/>
</kw>
<kw name="Deposit Amount">
<kw name="Wait Until Page Contains Element" owner="SeleniumLibrary">
<arg>css:input[cid="d1"]</arg>
<arg>10s</arg>
<doc>Waits until the element ``locator`` appears on the current page.</doc>
<status status="PASS" start="2025-11-17T16:55:50.026699" elapsed="0.016220"/>
</kw>
<kw name="Clear Element Text" owner="SeleniumLibrary">
<arg>css:input[cid="d1"]</arg>
<doc>Clears the value of the text-input-element identified by ``locator``.</doc>
<status status="PASS" start="2025-11-17T16:55:50.042919" elapsed="0.036720"/>
</kw>
<kw name="Input Text" owner="SeleniumLibrary">
<msg time="2025-11-17T16:55:50.079639" level="INFO">Typing text '100' into text field 'css:input[cid="d1"]'.</msg>
<arg>css:input[cid="d1"]</arg>
<arg>${amount}</arg>
<doc>Types the given ``text`` into the text field identified by ``locator``.</doc>
<status status="PASS" start="2025-11-17T16:55:50.079639" elapsed="0.091355"/>
</kw>
<kw name="Click Button" owner="SeleniumLibrary">
<msg time="2025-11-17T16:55:50.170994" level="INFO">Clicking button 'css:button[cid="dc"]'.</msg>
<arg>css:button[cid="dc"]</arg>
<doc>Clicks the button identified by ``locator``.</doc>
<status status="PASS" start="2025-11-17T16:55:50.170994" elapsed="0.151768"/>
</kw>
<arg>${DEPOSIT_AMOUNT}</arg>
<doc>ฝากเงินด้วยจำนวน ${amount}</doc>
<status status="PASS" start="2025-11-17T16:55:50.026699" elapsed="0.296063"/>
</kw>
<kw name="Evaluate" owner="BuiltIn">
<msg time="2025-11-17T16:55:50.328551" level="INFO">${expected_after_deposit} = 3120</msg>
<var>${expected_after_deposit}</var>
<arg>${before} + ${DEPOSIT_AMOUNT}</arg>
<doc>Evaluates the given expression in Python and returns the result.</doc>
<status status="PASS" start="2025-11-17T16:55:50.328551" elapsed="0.000000"/>
</kw>
<kw name="Wait For Balance To Equal">
<kw name="Wait Until Keyword Succeeds" owner="BuiltIn">
<kw name="Balance Should Be">
<kw name="Get Displayed Balance">
<kw name="Wait Until Keyword Succeeds" owner="BuiltIn">
<kw name="Get Balance Once">
<kw name="Wait Until Page Contains Element" owner="SeleniumLibrary">
<arg>xpath=//h2[normalize-space(.)="Balance:"]/following-sibling::h1[1]</arg>
<arg>10s</arg>
<doc>Waits until the element ``locator`` appears on the current page.</doc>
<status status="PASS" start="2025-11-17T16:55:50.334683" elapsed="0.012157"/>
</kw>
<kw name="Get Text" owner="SeleniumLibrary">
<msg time="2025-11-17T16:55:50.396475" level="INFO">${text} = 3020</msg>
<var>${text}</var>
<arg>xpath=//h2[normalize-space(.)="Balance:"]/following-sibling::h1[1]</arg>
<doc>Returns the text value of the element identified by ``locator``.</doc>
<status status="PASS" start="2025-11-17T16:55:50.347845" elapsed="0.049182"/>
</kw>
<kw name="Convert To Integer" owner="BuiltIn">
<msg time="2025-11-17T16:55:50.397569" level="INFO">${value} = 3020</msg>
<var>${value}</var>
<arg>${text}</arg>
<doc>Converts the given item to an integer number.</doc>
<status status="PASS" start="2025-11-17T16:55:50.397027" elapsed="0.000542"/>
</kw>
<return>
<value>${value}</value>
<status status="PASS" start="2025-11-17T16:55:50.398125" elapsed="0.000000"/>
</return>
<doc>อ่านค่า Balance จากหน้า UI</doc>
<status status="PASS" start="2025-11-17T16:55:50.328551" elapsed="0.069574"/>
</kw>
<msg time="2025-11-17T16:55:50.398676" level="INFO">${value} = 3020</msg>
<var>${value}</var>
<arg>3x</arg>
<arg>0.5s</arg>
<arg>Get Balance Once</arg>
<doc>Runs the specified keyword and retries if it fails.</doc>
<status status="PASS" start="2025-11-17T16:55:50.328551" elapsed="0.070125"/>
</kw>
<return>
<value>${value}</value>
<status status="PASS" start="2025-11-17T16:55:50.398676" elapsed="0.000552"/>
</return>
<msg time="2025-11-17T16:55:50.399228" level="INFO">${current} = 3020</msg>
<var>${current}</var>
<doc>อ่าน Balance โดย retry กรณี DOM ถูก re-render กัน StaleElementReferenceException</doc>
<status status="PASS" start="2025-11-17T16:55:50.328551" elapsed="0.070677"/>
</kw>
<kw name="Should Be Equal As Integers" owner="BuiltIn">
<msg time="2025-11-17T16:55:50.400340" level="FAIL">3020 != 3120</msg>
<arg>${current}</arg>
<arg>${expected}</arg>
<doc>Fails if objects are unequal after converting them to integers.</doc>
<status status="FAIL" start="2025-11-17T16:55:50.399782" elapsed="0.001114">3020 != 3120</status>
</kw>
<arg>${expected}</arg>
<status status="FAIL" start="2025-11-17T16:55:50.328551" elapsed="0.072345">3020 != 3120</status>
</kw>
<kw name="Balance Should Be">
<kw name="Get Displayed Balance">
<kw name="Wait Until Keyword Succeeds" owner="BuiltIn">
<kw name="Get Balance Once">
<kw name="Wait Until Page Contains Element" owner="SeleniumLibrary">
<arg>xpath=//h2[normalize-space(.)="Balance:"]/following-sibling::h1[1]</arg>
<arg>10s</arg>
<doc>Waits until the element ``locator`` appears on the current page.</doc>
<status status="PASS" start="2025-11-17T16:55:50.904087" elapsed="0.021339"/>
</kw>
<kw name="Get Text" owner="SeleniumLibrary">
<msg time="2025-11-17T16:55:50.941992" level="INFO">${text} = 3120</msg>
<var>${text}</var>
<arg>xpath=//h2[normalize-space(.)="Balance:"]/following-sibling::h1[1]</arg>
<doc>Returns the text value of the element identified by ``locator``.</doc>
<status status="PASS" start="2025-11-17T16:55:50.925426" elapsed="0.016566"/>
</kw>
<kw name="Convert To Integer" owner="BuiltIn">
<msg time="2025-11-17T16:55:50.941992" level="INFO">${value} = 3120</msg>
<var>${value}</var>
<arg>${text}</arg>
<doc>Converts the given item to an integer number.</doc>
<status status="PASS" start="2025-11-17T16:55:50.941992" elapsed="0.000000"/>
</kw>
<return>
<value>${value}</value>
<status status="PASS" start="2025-11-17T16:55:50.950258" elapsed="0.000000"/>
</return>
<doc>อ่านค่า Balance จากหน้า UI</doc>
<status status="PASS" start="2025-11-17T16:55:50.900996" elapsed="0.049262"/>
</kw>
<msg time="2025-11-17T16:55:50.950258" level="INFO">${value} = 3120</msg>
<var>${value}</var>
<arg>3x</arg>
<arg>0.5s</arg>
<arg>Get Balance Once</arg>
<doc>Runs the specified keyword and retries if it fails.</doc>
<status status="PASS" start="2025-11-17T16:55:50.900996" elapsed="0.049262"/>
</kw>
<return>
<value>${value}</value>
<status status="PASS" start="2025-11-17T16:55:50.950258" elapsed="0.000000"/>
</return>
<msg time="2025-11-17T16:55:50.950258" level="INFO">${current} = 3120</msg>
<var>${current}</var>
<doc>อ่าน Balance โดย retry กรณี DOM ถูก re-render กัน StaleElementReferenceException</doc>
<status status="PASS" start="2025-11-17T16:55:50.900996" elapsed="0.049262"/>
</kw>
<kw name="Should Be Equal As Integers" owner="BuiltIn">
<arg>${current}</arg>
<arg>${expected}</arg>
<doc>Fails if objects are unequal after converting them to integers.</doc>
<status status="PASS" start="2025-11-17T16:55:50.950258" elapsed="0.000000"/>
</kw>
<arg>${expected}</arg>
<status status="PASS" start="2025-11-17T16:55:50.900996" elapsed="0.049262"/>
</kw>
<arg>5x</arg>
<arg>0.5s</arg>
<arg>Balance Should Be</arg>
<arg>${expected}</arg>
<doc>Runs the specified keyword and retries if it fails.</doc>
<status status="PASS" start="2025-11-17T16:55:50.328551" elapsed="0.621707"/>
</kw>
<arg>${expected_after_deposit}</arg>
<status status="PASS" start="2025-11-17T16:55:50.328551" elapsed="0.621707"/>
</kw>
<kw name="Sleep" owner="BuiltIn">
<msg time="2025-11-17T16:55:51.450744" level="INFO">Slept 500 milliseconds.</msg>
<arg>0.5s</arg>
<doc>Pauses the test executed for the given time.</doc>
<status status="PASS" start="2025-11-17T16:55:50.950258" elapsed="0.500486"/>
</kw>
<kw name="Capture Page Screenshot" owner="SeleniumLibrary">
<msg time="2025-11-17T16:55:51.606527" level="INFO" html="true">&lt;/td&gt;&lt;/tr&gt;&lt;tr&gt;&lt;td colspan="3"&gt;&lt;a href="screenshots/TC8-02-Deposit100valid.png"&gt;&lt;img src="screenshots/TC8-02-Deposit100valid.png" width="800px"&gt;&lt;/a&gt;</msg>
<arg>screenshots/TC8-02-Deposit100valid.png</arg>
<doc>Takes a screenshot of the current page and embeds it into a log file.</doc>
<status status="PASS" start="2025-11-17T16:55:51.450744" elapsed="0.155783"/>
</kw>
<kw name="Withdraw Amount">
<kw name="Wait Until Page Contains Element" owner="SeleniumLibrary">
<arg>css:input[cid="w1"]</arg>
<arg>10s</arg>
<doc>Waits until the element ``locator`` appears on the current page.</doc>
<status status="PASS" start="2025-11-17T16:55:51.606527" elapsed="0.038497"/>
</kw>
<kw name="Clear Element Text" owner="SeleniumLibrary">
<arg>css:input[cid="w1"]</arg>
<doc>Clears the value of the text-input-element identified by ``locator``.</doc>
<status status="PASS" start="2025-11-17T16:55:51.646019" elapsed="0.056633"/>
</kw>
<kw name="Input Text" owner="SeleniumLibrary">
<msg time="2025-11-17T16:55:51.703654" level="INFO">Typing text '0' into text field 'css:input[cid="w1"]'.</msg>
<arg>css:input[cid="w1"]</arg>
<arg>${amount}</arg>
<doc>Types the given ``text`` into the text field identified by ``locator``.</doc>
<status status="PASS" start="2025-11-17T16:55:51.703654" elapsed="0.094024"/>
</kw>
<kw name="Click Button" owner="SeleniumLibrary">
<msg time="2025-11-17T16:55:51.798701" level="INFO">Clicking button 'css:button[cid="wc"]'.</msg>
<arg>css:button[cid="wc"]</arg>
<doc>Clicks the button identified by ``locator``.</doc>
<status status="PASS" start="2025-11-17T16:55:51.798701" elapsed="0.125764"/>
</kw>
<arg>${WITHDRAW_ZERO}</arg>
<doc>พยายามถอนเงินด้วยจำนวน ${amount}</doc>
<status status="PASS" start="2025-11-17T16:55:51.606527" elapsed="0.321231"/>
</kw>
<kw name="Wait Until Page Contains" owner="SeleniumLibrary">
<arg>${POSITIVE_AMOUNT_ERROR_MSG}</arg>
<arg>10s</arg>
<doc>Waits until ``text`` appears on the current page.</doc>
<status status="PASS" start="2025-11-17T16:55:51.933821" elapsed="0.019993"/>
</kw>
<kw name="Sleep" owner="BuiltIn">
<msg time="2025-11-17T16:55:52.456288" level="INFO">Slept 500 milliseconds.</msg>
<arg>0.5s</arg>
<doc>Pauses the test executed for the given time.</doc>
<status status="PASS" start="2025-11-17T16:55:51.954820" elapsed="0.501468"/>
</kw>
<kw name="Get Displayed Balance">
<kw name="Wait Until Keyword Succeeds" owner="BuiltIn">
<kw name="Get Balance Once">
<kw name="Wait Until Page Contains Element" owner="SeleniumLibrary">
<arg>xpath=//h2[normalize-space(.)="Balance:"]/following-sibling::h1[1]</arg>
<arg>10s</arg>
<doc>Waits until the element ``locator`` appears on the current page.</doc>
<status status="PASS" start="2025-11-17T16:55:52.456288" elapsed="0.020973"/>
</kw>
<kw name="Get Text" owner="SeleniumLibrary">
<msg time="2025-11-17T16:55:52.510519" level="INFO">${text} = 3120</msg>
<var>${text}</var>
<arg>xpath=//h2[normalize-space(.)="Balance:"]/following-sibling::h1[1]</arg>
<doc>Returns the text value of the element identified by ``locator``.</doc>
<status status="PASS" start="2025-11-17T16:55:52.477261" elapsed="0.033258"/>
</kw>
<kw name="Convert To Integer" owner="BuiltIn">
<msg time="2025-11-17T16:55:52.510519" level="INFO">${value} = 3120</msg>
<var>${value}</var>
<arg>${text}</arg>
<doc>Converts the given item to an integer number.</doc>
<status status="PASS" start="2025-11-17T16:55:52.510519" elapsed="0.000000"/>
</kw>
<return>
<value>${value}</value>
<status status="PASS" start="2025-11-17T16:55:52.510519" elapsed="0.000000"/>
</return>
<doc>อ่านค่า Balance จากหน้า UI</doc>
<status status="PASS" start="2025-11-17T16:55:52.456288" elapsed="0.054231"/>
</kw>
<msg time="2025-11-17T16:55:52.510519" level="INFO">${value} = 3120</msg>
<var>${value}</var>
<arg>3x</arg>
<arg>0.5s</arg>
<arg>Get Balance Once</arg>
<doc>Runs the specified keyword and retries if it fails.</doc>
<status status="PASS" start="2025-11-17T16:55:52.456288" elapsed="0.054231"/>
</kw>
<return>
<value>${value}</value>
<status status="PASS" start="2025-11-17T16:55:52.510519" elapsed="0.000000"/>
</return>
<msg time="2025-11-17T16:55:52.510519" level="INFO">${after_withdraw} = 3120</msg>
<var>${after_withdraw}</var>
<doc>อ่าน Balance โดย retry กรณี DOM ถูก re-render กัน StaleElementReferenceException</doc>
<status status="PASS" start="2025-11-17T16:55:52.456288" elapsed="0.054231"/>
</kw>
<kw name="Should Be Equal As Integers" owner="BuiltIn">
<arg>${after_withdraw}</arg>
<arg>${expected_after_deposit}</arg>
<doc>Fails if objects are unequal after converting them to integers.</doc>
<status status="PASS" start="2025-11-17T16:55:52.510519" elapsed="0.000000"/>
</kw>
<kw name="Sleep" owner="BuiltIn">
<msg time="2025-11-17T16:55:53.019586" level="INFO">Slept 500 milliseconds.</msg>
<arg>0.5s</arg>
<doc>Pauses the test executed for the given time.</doc>
<status status="PASS" start="2025-11-17T16:55:52.510519" elapsed="0.509067"/>
</kw>
<kw name="Capture Page Screenshot" owner="SeleniumLibrary">
<msg time="2025-11-17T16:55:53.166660" level="INFO" html="true">&lt;/td&gt;&lt;/tr&gt;&lt;tr&gt;&lt;td colspan="3"&gt;&lt;a href="screenshots/TC8-02-Withdraw%E0%B8%A8%E0%B8%B9%E0%B8%99%E0%B8%A2%E0%B9%8C.png"&gt;&lt;img src="screenshots/TC8-02-Withdraw%E0%B8%A8%E0%B8%B9%E0%B8%99%E0%B8%A2%E0%B9%8C.png" width="800px"&gt;&lt;/a&gt;</msg>
<arg>screenshots/TC8-02-Withdrawศูนย์.png</arg>
<doc>Takes a screenshot of the current page and embeds it into a log file.</doc>
<status status="PASS" start="2025-11-17T16:55:53.019586" elapsed="0.147074"/>
</kw>
<kw name="Transfer Amount">
<kw name="Wait Until Page Contains" owner="SeleniumLibrary">
<arg>Transfer</arg>
<arg>10s</arg>
<doc>Waits until ``text`` appears on the current page.</doc>
<status status="PASS" start="2025-11-17T16:55:53.168668" elapsed="0.011903"/>
</kw>
<kw name="Clear Element Text" owner="SeleniumLibrary">
<arg>id=accountId</arg>
<doc>Clears the value of the text-input-element identified by ``locator``.</doc>
<status status="PASS" start="2025-11-17T16:55:53.180571" elapsed="0.031652"/>
</kw>
<kw name="Input Text" owner="SeleniumLibrary">
<msg time="2025-11-17T16:55:53.212223" level="INFO">Typing text '1234567891' into text field 'id=accountId'.</msg>
<arg>id=accountId</arg>
<arg>${target_account_id}</arg>
<doc>Types the given ``text`` into the text field identified by ``locator``.</doc>
<status status="PASS" start="2025-11-17T16:55:53.212223" elapsed="0.127865"/>
</kw>
<kw name="Wait Until Page Contains Element" owner="SeleniumLibrary">
<arg>css:input[cid="t2"]</arg>
<arg>10s</arg>
<doc>Waits until the element ``locator`` appears on the current page.</doc>
<status status="PASS" start="2025-11-17T16:55:53.340088" elapsed="0.015773"/>
</kw>
<kw name="Clear Element Text" owner="SeleniumLibrary">
<arg>css:input[cid="t2"]</arg>
<doc>Clears the value of the text-input-element identified by ``locator``.</doc>
<status status="PASS" start="2025-11-17T16:55:53.355861" elapsed="0.036022"/>
</kw>
<kw name="Input Text" owner="SeleniumLibrary">
<msg time="2025-11-17T16:55:53.391883" level="INFO">Typing text '50' into text field 'css:input[cid="t2"]'.</msg>
<arg>css:input[cid="t2"]</arg>
<arg>${amount}</arg>
<doc>Types the given ``text`` into the text field identified by ``locator``.</doc>
<status status="PASS" start="2025-11-17T16:55:53.391883" elapsed="0.093215"/>
</kw>
<kw name="Click Button" owner="SeleniumLibrary">
<msg time="2025-11-17T16:55:53.485098" level="INFO">Clicking button 'css:button[cid="tc"]'.</msg>
<arg>css:button[cid="tc"]</arg>
<doc>Clicks the button identified by ``locator``.</doc>
<status status="PASS" start="2025-11-17T16:55:53.485098" elapsed="0.127750"/>
</kw>
<arg>${TARGET_ACCOUNT_ID}</arg>
<arg>${TRANSFER_AMOUNT}</arg>
<doc>โอน ${amount} ไปยังบัญชีเป้าหมาย 1234567891</doc>
<status status="PASS" start="2025-11-17T16:55:53.167662" elapsed="0.445186"/>
</kw>
<kw name="Evaluate" owner="BuiltIn">
<msg time="2025-11-17T16:55:53.612848" level="INFO">${expected_after_transfer} = 3070</msg>
<var>${expected_after_transfer}</var>
<arg>${expected_after_deposit} - ${TRANSFER_AMOUNT}</arg>
<doc>Evaluates the given expression in Python and returns the result.</doc>
<status status="PASS" start="2025-11-17T16:55:53.612848" elapsed="0.000000"/>
</kw>
<kw name="Wait For Balance To Equal">
<kw name="Wait Until Keyword Succeeds" owner="BuiltIn">
<kw name="Balance Should Be">
<kw name="Get Displayed Balance">
<kw name="Wait Until Keyword Succeeds" owner="BuiltIn">
<kw name="Get Balance Once">
<kw name="Wait Until Page Contains Element" owner="SeleniumLibrary">
<arg>xpath=//h2[normalize-space(.)="Balance:"]/following-sibling::h1[1]</arg>
<arg>10s</arg>
<doc>Waits until the element ``locator`` appears on the current page.</doc>
<status status="PASS" start="2025-11-17T16:55:53.641384" elapsed="0.018537"/>
</kw>
<kw name="Get Text" owner="SeleniumLibrary">
<msg time="2025-11-17T16:55:53.695191" level="INFO">${text} = 3120</msg>
<var>${text}</var>
<arg>xpath=//h2[normalize-space(.)="Balance:"]/following-sibling::h1[1]</arg>
<doc>Returns the text value of the element identified by ``locator``.</doc>
<status status="PASS" start="2025-11-17T16:55:53.660937" elapsed="0.034254"/>
</kw>
<kw name="Convert To Integer" owner="BuiltIn">
<msg time="2025-11-17T16:55:53.695994" level="INFO">${value} = 3120</msg>
<var>${value}</var>
<arg>${text}</arg>
<doc>Converts the given item to an integer number.</doc>
<status status="PASS" start="2025-11-17T16:55:53.695994" elapsed="0.000000"/>
</kw>
<return>
<value>${value}</value>
<status status="PASS" start="2025-11-17T16:55:53.695994" elapsed="0.000000"/>
</return>
<doc>อ่านค่า Balance จากหน้า UI</doc>
<status status="PASS" start="2025-11-17T16:55:53.640384" elapsed="0.055610"/>
</kw>
<msg time="2025-11-17T16:55:53.695994" level="INFO">${value} = 3120</msg>
<var>${value}</var>
<arg>3x</arg>
<arg>0.5s</arg>
<arg>Get Balance Once</arg>
<doc>Runs the specified keyword and retries if it fails.</doc>
<status status="PASS" start="2025-11-17T16:55:53.640384" elapsed="0.055610"/>
</kw>
<return>
<value>${value}</value>
<status status="PASS" start="2025-11-17T16:55:53.695994" elapsed="0.000000"/>
</return>
<msg time="2025-11-17T16:55:53.695994" level="INFO">${current} = 3120</msg>
<var>${current}</var>
<doc>อ่าน Balance โดย retry กรณี DOM ถูก re-render กัน StaleElementReferenceException</doc>
<status status="PASS" start="2025-11-17T16:55:53.639384" elapsed="0.056610"/>
</kw>
<kw name="Should Be Equal As Integers" owner="BuiltIn">
<msg time="2025-11-17T16:55:53.695994" level="FAIL">3120 != 3070</msg>
<arg>${current}</arg>
<arg>${expected}</arg>
<doc>Fails if objects are unequal after converting them to integers.</doc>
<status status="FAIL" start="2025-11-17T16:55:53.695994" elapsed="0.000000">3120 != 3070</status>
</kw>
<arg>${expected}</arg>
<status status="FAIL" start="2025-11-17T16:55:53.638384" elapsed="0.057610">3120 != 3070</status>
</kw>
<kw name="Balance Should Be">
<kw name="Get Displayed Balance">
<kw name="Wait Until Keyword Succeeds" owner="BuiltIn">
<kw name="Get Balance Once">
<kw name="Wait Until Page Contains Element" owner="SeleniumLibrary">
<arg>xpath=//h2[normalize-space(.)="Balance:"]/following-sibling::h1[1]</arg>
<arg>10s</arg>
<doc>Waits until the element ``locator`` appears on the current page.</doc>
<status status="PASS" start="2025-11-17T16:55:54.197653" elapsed="0.030602"/>
</kw>
<kw name="Get Text" owner="SeleniumLibrary">
<msg time="2025-11-17T16:55:54.249556" level="INFO">${text} = 3070</msg>
<var>${text}</var>
<arg>xpath=//h2[normalize-space(.)="Balance:"]/following-sibling::h1[1]</arg>
<doc>Returns the text value of the element identified by ``locator``.</doc>
<status status="PASS" start="2025-11-17T16:55:54.228255" elapsed="0.021301"/>
</kw>
<kw name="Convert To Integer" owner="BuiltIn">
<msg time="2025-11-17T16:55:54.251087" level="INFO">${value} = 3070</msg>
<var>${value}</var>
<arg>${text}</arg>
<doc>Converts the given item to an integer number.</doc>
<status status="PASS" start="2025-11-17T16:55:54.249556" elapsed="0.001531"/>
</kw>
<return>
<value>${value}</value>
<status status="PASS" start="2025-11-17T16:55:54.251087" elapsed="0.000000"/>
</return>
<doc>อ่านค่า Balance จากหน้า UI</doc>
<status status="PASS" start="2025-11-17T16:55:54.197653" elapsed="0.053434"/>
</kw>
<msg time="2025-11-17T16:55:54.251087" level="INFO">${value} = 3070</msg>
<var>${value}</var>
<arg>3x</arg>
<arg>0.5s</arg>
<arg>Get Balance Once</arg>
<doc>Runs the specified keyword and retries if it fails.</doc>
<status status="PASS" start="2025-11-17T16:55:54.196629" elapsed="0.054458"/>
</kw>
<return>
<value>${value}</value>
<status status="PASS" start="2025-11-17T16:55:54.251087" elapsed="0.000000"/>
</return>
<msg time="2025-11-17T16:55:54.251087" level="INFO">${current} = 3070</msg>
<var>${current}</var>
<doc>อ่าน Balance โดย retry กรณี DOM ถูก re-render กัน StaleElementReferenceException</doc>
<status status="PASS" start="2025-11-17T16:55:54.196629" elapsed="0.054458"/>
</kw>
<kw name="Should Be Equal As Integers" owner="BuiltIn">
<arg>${current}</arg>
<arg>${expected}</arg>
<doc>Fails if objects are unequal after converting them to integers.</doc>
<status status="PASS" start="2025-11-17T16:55:54.251087" elapsed="0.000000"/>
</kw>
<arg>${expected}</arg>
<status status="PASS" start="2025-11-17T16:55:54.196115" elapsed="0.054972"/>
</kw>
<arg>5x</arg>
<arg>0.5s</arg>
<arg>Balance Should Be</arg>
<arg>${expected}</arg>
<doc>Runs the specified keyword and retries if it fails.</doc>
<status status="PASS" start="2025-11-17T16:55:53.638384" elapsed="0.612703"/>
</kw>
<arg>${expected_after_transfer}</arg>
<status status="PASS" start="2025-11-17T16:55:53.612848" elapsed="0.638239"/>
</kw>
<kw name="Sleep" owner="BuiltIn">
<msg time="2025-11-17T16:55:54.751257" level="INFO">Slept 500 milliseconds.</msg>
<arg>0.5s</arg>
<doc>Pauses the test executed for the given time.</doc>
<status status="PASS" start="2025-11-17T16:55:54.251087" elapsed="0.500170"/>
</kw>
<kw name="Capture Page Screenshot" owner="SeleniumLibrary">
<msg time="2025-11-17T16:55:54.909314" level="INFO" html="true">&lt;/td&gt;&lt;/tr&gt;&lt;tr&gt;&lt;td colspan="3"&gt;&lt;a href="screenshots/TC8-02-Transfer50valid.png"&gt;&lt;img src="screenshots/TC8-02-Transfer50valid.png" width="800px"&gt;&lt;/a&gt;</msg>
<arg>screenshots/TC8-02-Transfer50valid.png</arg>
<doc>Takes a screenshot of the current page and embeds it into a log file.</doc>
<status status="PASS" start="2025-11-17T16:55:54.755301" elapsed="0.154013"/>
</kw>
<kw name="Capture Screenshot For Test" type="TEARDOWN">
<kw name="Set Variable" owner="BuiltIn">
<msg time="2025-11-17T16:55:54.912309" level="INFO">${status} = PASS</msg>
<var>${status}</var>
<arg>${TEST STATUS}</arg>
<doc>Returns the given values which can then be assigned to a variables.</doc>
<status status="PASS" start="2025-11-17T16:55:54.911313" elapsed="0.000996"/>
</kw>
<kw name="Set Variable" owner="BuiltIn">
<msg time="2025-11-17T16:55:54.913314" level="INFO">${name} = TC8-02 Withdraw Amount Zero</msg>
<var>${name}</var>
<arg>${TEST NAME}</arg>
<doc>Returns the given values which can then be assigned to a variables.</doc>
<status status="PASS" start="2025-11-17T16:55:54.912309" elapsed="0.001005"/>
</kw>
<kw name="Execute Javascript" owner="SeleniumLibrary">
<msg time="2025-11-17T16:55:54.915327" level="INFO">Executing JavaScript:
window.scrollTo(0,0);
Without any arguments.</msg>
<arg>window.scrollTo(0,0);</arg>
<doc>Executes the given JavaScript code with possible arguments.</doc>
<status status="PASS" start="2025-11-17T16:55:54.914313" elapsed="0.013440"/>
</kw>
<kw name="Run Keyword If" owner="BuiltIn">
<kw name="Capture Page Screenshot" owner="SeleniumLibrary">
<msg time="2025-11-17T16:55:55.066889" level="INFO" html="true">&lt;/td&gt;&lt;/tr&gt;&lt;tr&gt;&lt;td colspan="3"&gt;&lt;a href="screenshots/PASS_TC8-02%20Withdraw%20Amount%20Zero-scroll.png"&gt;&lt;img src="screenshots/PASS_TC8-02%20Withdraw%20Amount%20Zero-scroll.png" width="800px"&gt;&lt;/a&gt;</msg>
<arg>${SCREENSHOT_DIR}${/}PASS_${name}-scroll.png</arg>
<doc>Takes a screenshot of the current page and embeds it into a log file.</doc>
<status status="PASS" start="2025-11-17T16:55:54.929276" elapsed="0.137613"/>
</kw>
<arg>'${status}' == 'PASS' and '${CAPTURE_ON_PASS}' == 'True'</arg>
<arg>Capture Page Screenshot</arg>
<arg>${SCREENSHOT_DIR}${/}PASS_${name}-scroll.png</arg>
<doc>Runs the given keyword with the given arguments, if ``condition`` is true.</doc>
<status status="PASS" start="2025-11-17T16:55:54.929276" elapsed="0.137613"/>
</kw>
<kw name="Run Keyword If" owner="BuiltIn">
<arg>'${status}' == 'FAIL'</arg>
<arg>Capture Page Screenshot</arg>
<arg>${SCREENSHOT_DIR}${/}FAIL_${name}-scroll.png</arg>
<doc>Runs the given keyword with the given arguments, if ``condition`` is true.</doc>
<status status="PASS" start="2025-11-17T16:55:55.074712" elapsed="0.000000"/>
</kw>
<doc>จับ Screenshot ทุกครั้งที่จบเทสต์</doc>
<status status="PASS" start="2025-11-17T16:55:54.910305" elapsed="0.165432"/>
</kw>
<doc>Scenario 8 / TC8-02:
Login ผ่าน แล้ว Deposit 100 valid แล้ว Withdraw 0 (จำนวนเงินเป็นศูนย์) แล้ว Transfer 50 valid</doc>
<status status="PASS" start="2025-11-17T16:55:49.027600" elapsed="6.048137"/>
</test>
<test id="s1-t3" name="TC8-03 Withdraw Negative Amount" line="93">
<kw name="Login As Valid User">
<kw name="Go To Login Page">
<kw name="Go To" owner="SeleniumLibrary">
<msg time="2025-11-17T16:55:55.080728" level="INFO">Opening url 'http://localhost:3000/'</msg>
<arg>${BASE_URL}/</arg>
<doc>Navigates the current browser window to the provided ``url``.</doc>
<status status="PASS" start="2025-11-17T16:55:55.080728" elapsed="0.087940"/>
</kw>
<kw name="Wait Until Page Contains Element" owner="SeleniumLibrary">
<arg>id=accountId</arg>
<arg>10s</arg>
<doc>Waits until the element ``locator`` appears on the current page.</doc>
<status status="PASS" start="2025-11-17T16:55:55.169112" elapsed="0.014149"/>
</kw>
<status status="PASS" start="2025-11-17T16:55:55.080728" elapsed="0.102533"/>
</kw>
<kw name="Input Text" owner="SeleniumLibrary">
<msg time="2025-11-17T16:55:55.184262" level="INFO">Typing text '1234567890' into text field 'id=accountId'.</msg>
<arg>id=accountId</arg>
<arg>${VALID_ACCOUNT_ID}</arg>
<doc>Types the given ``text`` into the text field identified by ``locator``.</doc>
<status status="PASS" start="2025-11-17T16:55:55.184262" elapsed="0.179319"/>
</kw>
<kw name="Input Text" owner="SeleniumLibrary">
<msg time="2025-11-17T16:55:55.364578" level="INFO">Typing text '1234' into text field 'id=password'.</msg>
<arg>id=password</arg>
<arg>${VALID_PASSWORD}</arg>
<doc>Types the given ``text`` into the text field identified by ``locator``.</doc>
<status status="PASS" start="2025-11-17T16:55:55.363581" elapsed="0.179634"/>
</kw>
<kw name="Click Button" owner="SeleniumLibrary">
<msg time="2025-11-17T16:55:55.543215" level="INFO">Clicking button 'css:button[cid="lc"]'.</msg>
<arg>css:button[cid="lc"]</arg>
<doc>Clicks the button identified by ``locator``.</doc>
<status status="PASS" start="2025-11-17T16:55:55.543215" elapsed="0.156126"/>
</kw>
<kw name="Wait Until Page Contains" owner="SeleniumLibrary">
<arg>Account ID:</arg>
<arg>10s</arg>
<doc>Waits until ``text`` appears on the current page.</doc>
<status status="PASS" start="2025-11-17T16:55:55.699341" elapsed="0.551988"/>
</kw>
<doc>ใช้ accountId/password ที่ valid ในระบบ</doc>
<status status="PASS" start="2025-11-17T16:55:55.079726" elapsed="1.172606"/>
</kw>
<kw name="Get Displayed Balance">
<kw name="Wait Until Keyword Succeeds" owner="BuiltIn">
<kw name="Get Balance Once">
<kw name="Wait Until Page Contains Element" owner="SeleniumLibrary">
<arg>xpath=//h2[normalize-space(.)="Balance:"]/following-sibling::h1[1]</arg>
<arg>10s</arg>
<doc>Waits until the element ``locator`` appears on the current page.</doc>
<status status="PASS" start="2025-11-17T16:55:56.254330" elapsed="0.010062"/>
</kw>
<kw name="Get Text" owner="SeleniumLibrary">
<msg time="2025-11-17T16:55:56.288597" level="INFO">${text} = 3070</msg>
<var>${text}</var>
<arg>xpath=//h2[normalize-space(.)="Balance:"]/following-sibling::h1[1]</arg>
<doc>Returns the text value of the element identified by ``locator``.</doc>
<status status="PASS" start="2025-11-17T16:55:56.264392" elapsed="0.024205"/>
</kw>
<kw name="Convert To Integer" owner="BuiltIn">
<msg time="2025-11-17T16:55:56.292624" level="INFO">${value} = 3070</msg>
<var>${value}</var>
<arg>${text}</arg>
<doc>Converts the given item to an integer number.</doc>
<status status="PASS" start="2025-11-17T16:55:56.288597" elapsed="0.004027"/>
</kw>
<return>
<value>${value}</value>
<status status="PASS" start="2025-11-17T16:55:56.292624" elapsed="0.000000"/>
</return>
<doc>อ่านค่า Balance จากหน้า UI</doc>
<status status="PASS" start="2025-11-17T16:55:56.254330" elapsed="0.038294"/>
</kw>
<msg time="2025-11-17T16:55:56.292624" level="INFO">${value} = 3070</msg>
<var>${value}</var>
<arg>3x</arg>
<arg>0.5s</arg>
<arg>Get Balance Once</arg>
<doc>Runs the specified keyword and retries if it fails.</doc>
<status status="PASS" start="2025-11-17T16:55:56.253331" elapsed="0.039293"/>
</kw>
<return>
<value>${value}</value>
<status status="PASS" start="2025-11-17T16:55:56.292624" elapsed="0.000000"/>
</return>
<msg time="2025-11-17T16:55:56.292624" level="INFO">${before} = 3070</msg>
<var>${before}</var>
<doc>อ่าน Balance โดย retry กรณี DOM ถูก re-render กัน StaleElementReferenceException</doc>
<status status="PASS" start="2025-11-17T16:55:56.253331" elapsed="0.039293"/>
</kw>
<kw name="Deposit Amount">
<kw name="Wait Until Page Contains Element" owner="SeleniumLibrary">
<arg>css:input[cid="d1"]</arg>
<arg>10s</arg>
<doc>Waits until the element ``locator`` appears on the current page.</doc>
<status status="PASS" start="2025-11-17T16:55:56.296635" elapsed="0.008099"/>
</kw>
<kw name="Clear Element Text" owner="SeleniumLibrary">
<arg>css:input[cid="d1"]</arg>
<doc>Clears the value of the text-input-element identified by ``locator``.</doc>
<status status="PASS" start="2025-11-17T16:55:56.304734" elapsed="0.047018"/>
</kw>
<kw name="Input Text" owner="SeleniumLibrary">
<msg time="2025-11-17T16:55:56.351752" level="INFO">Typing text '100' into text field 'css:input[cid="d1"]'.</msg>
<arg>css:input[cid="d1"]</arg>
<arg>${amount}</arg>
<doc>Types the given ``text`` into the text field identified by ``locator``.</doc>
<status status="PASS" start="2025-11-17T16:55:56.351752" elapsed="0.089127"/>
</kw>
<kw name="Click Button" owner="SeleniumLibrary">
<msg time="2025-11-17T16:55:56.441875" level="INFO">Clicking button 'css:button[cid="dc"]'.</msg>
<arg>css:button[cid="dc"]</arg>
<doc>Clicks the button identified by ``locator``.</doc>
<status status="PASS" start="2025-11-17T16:55:56.440879" elapsed="0.128723"/>
</kw>
<arg>${DEPOSIT_AMOUNT}</arg>
<doc>ฝากเงินด้วยจำนวน ${amount}</doc>
<status status="PASS" start="2025-11-17T16:55:56.292624" elapsed="0.279004"/>
</kw>
<kw name="Evaluate" owner="BuiltIn">
<msg time="2025-11-17T16:55:56.578067" level="INFO">${expected_after_deposit} = 3170</msg>
<var>${expected_after_deposit}</var>
<arg>${before} + ${DEPOSIT_AMOUNT}</arg>
<doc>Evaluates the given expression in Python and returns the result.</doc>
<status status="PASS" start="2025-11-17T16:55:56.577064" elapsed="0.001003"/>
</kw>
<kw name="Wait For Balance To Equal">
<kw name="Wait Until Keyword Succeeds" owner="BuiltIn">
<kw name="Balance Should Be">
<kw name="Get Displayed Balance">
<kw name="Wait Until Keyword Succeeds" owner="BuiltIn">
<kw name="Get Balance Once">
<kw name="Wait Until Page Contains Element" owner="SeleniumLibrary">
<arg>xpath=//h2[normalize-space(.)="Balance:"]/following-sibling::h1[1]</arg>
<arg>10s</arg>
<doc>Waits until the element ``locator`` appears on the current page.</doc>
<status status="PASS" start="2025-11-17T16:55:56.583070" elapsed="0.015989"/>
</kw>
<kw name="Get Text" owner="SeleniumLibrary">
<msg time="2025-11-17T16:55:56.622072" level="INFO">${text} = 3070</msg>
<var>${text}</var>
<arg>xpath=//h2[normalize-space(.)="Balance:"]/following-sibling::h1[1]</arg>
<doc>Returns the text value of the element identified by ``locator``.</doc>
<status status="PASS" start="2025-11-17T16:55:56.599059" elapsed="0.023013"/>
</kw>
<kw name="Convert To Integer" owner="BuiltIn">
<msg time="2025-11-17T16:55:56.622072" level="INFO">${value} = 3070</msg>
<var>${value}</var>
<arg>${text}</arg>
<doc>Converts the given item to an integer number.</doc>
<status status="PASS" start="2025-11-17T16:55:56.622072" elapsed="0.000000"/>
</kw>
<return>
<value>${value}</value>
<status status="PASS" start="2025-11-17T16:55:56.622072" elapsed="0.000000"/>
</return>
<doc>อ่านค่า Balance จากหน้า UI</doc>
<status status="PASS" start="2025-11-17T16:55:56.582071" elapsed="0.040001"/>
</kw>
<msg time="2025-11-17T16:55:56.626152" level="INFO">${value} = 3070</msg>
<var>${value}</var>
<arg>3x</arg>
<arg>0.5s</arg>
<arg>Get Balance Once</arg>
<doc>Runs the specified keyword and retries if it fails.</doc>
<status status="PASS" start="2025-11-17T16:55:56.582071" elapsed="0.044081"/>
</kw>
<return>
<value>${value}</value>
<status status="PASS" start="2025-11-17T16:55:56.626152" elapsed="0.000000"/>
</return>
<msg time="2025-11-17T16:55:56.626152" level="INFO">${current} = 3070</msg>
<var>${current}</var>
<doc>อ่าน Balance โดย retry กรณี DOM ถูก re-render กัน StaleElementReferenceException</doc>
<status status="PASS" start="2025-11-17T16:55:56.581072" elapsed="0.045080"/>
</kw>
<kw name="Should Be Equal As Integers" owner="BuiltIn">
<msg time="2025-11-17T16:55:56.626152" level="FAIL">3070 != 3170</msg>
<arg>${current}</arg>
<arg>${expected}</arg>
<doc>Fails if objects are unequal after converting them to integers.</doc>
<status status="FAIL" start="2025-11-17T16:55:56.626152" elapsed="0.000000">3070 != 3170</status>
</kw>
<arg>${expected}</arg>
<status status="FAIL" start="2025-11-17T16:55:56.581072" elapsed="0.045080">3070 != 3170</status>
</kw>
<kw name="Balance Should Be">
<kw name="Get Displayed Balance">
<kw name="Wait Until Keyword Succeeds" owner="BuiltIn">
<kw name="Get Balance Once">
<kw name="Wait Until Page Contains Element" owner="SeleniumLibrary">
<arg>xpath=//h2[normalize-space(.)="Balance:"]/following-sibling::h1[1]</arg>
<arg>10s</arg>
<doc>Waits until the element ``locator`` appears on the current page.</doc>
<status status="PASS" start="2025-11-17T16:55:57.128025" elapsed="0.018344"/>
</kw>
<kw name="Get Text" owner="SeleniumLibrary">
<msg time="2025-11-17T16:55:57.185626" level="INFO">${text} = 3170</msg>
<var>${text}</var>
<arg>xpath=//h2[normalize-space(.)="Balance:"]/following-sibling::h1[1]</arg>
<doc>Returns the text value of the element identified by ``locator``.</doc>
<status status="PASS" start="2025-11-17T16:55:57.146369" elapsed="0.044146"/>
</kw>
<kw name="Convert To Integer" owner="BuiltIn">
<msg time="2025-11-17T16:55:57.190515" level="INFO">${value} = 3170</msg>
<var>${value}</var>
<arg>${text}</arg>
<doc>Converts the given item to an integer number.</doc>
<status status="PASS" start="2025-11-17T16:55:57.190515" elapsed="0.000000"/>
</kw>
<return>
<value>${value}</value>
<status status="PASS" start="2025-11-17T16:55:57.190515" elapsed="0.000000"/>
</return>
<doc>อ่านค่า Balance จากหน้า UI</doc>
<status status="PASS" start="2025-11-17T16:55:57.128025" elapsed="0.062490"/>
</kw>
<msg time="2025-11-17T16:55:57.190515" level="INFO">${value} = 3170</msg>
<var>${value}</var>
<arg>3x</arg>
<arg>0.5s</arg>
<arg>Get Balance Once</arg>
<doc>Runs the specified keyword and retries if it fails.</doc>
<status status="PASS" start="2025-11-17T16:55:57.128025" elapsed="0.062490"/>
</kw>
<return>
<value>${value}</value>
<status status="PASS" start="2025-11-17T16:55:57.190515" elapsed="0.000000"/>
</return>
<msg time="2025-11-17T16:55:57.190515" level="INFO">${current} = 3170</msg>
<var>${current}</var>
<doc>อ่าน Balance โดย retry กรณี DOM ถูก re-render กัน StaleElementReferenceException</doc>
<status status="PASS" start="2025-11-17T16:55:57.126487" elapsed="0.064028"/>
</kw>
<kw name="Should Be Equal As Integers" owner="BuiltIn">
<arg>${current}</arg>
<arg>${expected}</arg>
<doc>Fails if objects are unequal after converting them to integers.</doc>
<status status="PASS" start="2025-11-17T16:55:57.190515" elapsed="0.000000"/>
</kw>
<arg>${expected}</arg>
<status status="PASS" start="2025-11-17T16:55:57.126487" elapsed="0.064028"/>
</kw>
<arg>5x</arg>
<arg>0.5s</arg>
<arg>Balance Should Be</arg>
<arg>${expected}</arg>
<doc>Runs the specified keyword and retries if it fails.</doc>
<status status="PASS" start="2025-11-17T16:55:56.580075" elapsed="0.610440"/>
</kw>
<arg>${expected_after_deposit}</arg>
<status status="PASS" start="2025-11-17T16:55:56.579069" elapsed="0.611446"/>
</kw>
<kw name="Sleep" owner="BuiltIn">
<msg time="2025-11-17T16:55:57.693954" level="INFO">Slept 500 milliseconds.</msg>
<arg>0.5s</arg>
<doc>Pauses the test executed for the given time.</doc>
<status status="PASS" start="2025-11-17T16:55:57.193783" elapsed="0.500171"/>
</kw>
<kw name="Capture Page Screenshot" owner="SeleniumLibrary">
<msg time="2025-11-17T16:55:57.871914" level="INFO" html="true">&lt;/td&gt;&lt;/tr&gt;&lt;tr&gt;&lt;td colspan="3"&gt;&lt;a href="screenshots/TC8-03-Deposit100valid.png"&gt;&lt;img src="screenshots/TC8-03-Deposit100valid.png" width="800px"&gt;&lt;/a&gt;</msg>
<arg>screenshots/TC8-03-Deposit100valid.png</arg>
<doc>Takes a screenshot of the current page and embeds it into a log file.</doc>
<status status="PASS" start="2025-11-17T16:55:57.694970" elapsed="0.176944"/>
</kw>
<kw name="Withdraw Amount">
<kw name="Wait Until Page Contains Element" owner="SeleniumLibrary">
<arg>css:input[cid="w1"]</arg>
<arg>10s</arg>
<doc>Waits until the element ``locator`` appears on the current page.</doc>
<status status="PASS" start="2025-11-17T16:55:57.873914" elapsed="0.012003"/>
</kw>
<kw name="Clear Element Text" owner="SeleniumLibrary">
<arg>css:input[cid="w1"]</arg>
<doc>Clears the value of the text-input-element identified by ``locator``.</doc>
<status status="PASS" start="2025-11-17T16:55:57.886916" elapsed="0.055540"/>
</kw>
<kw name="Input Text" owner="SeleniumLibrary">
<msg time="2025-11-17T16:55:57.942456" level="INFO">Typing text '-1' into text field 'css:input[cid="w1"]'.</msg>
<arg>css:input[cid="w1"]</arg>
<arg>${amount}</arg>
<doc>Types the given ``text`` into the text field identified by ``locator``.</doc>
<status status="PASS" start="2025-11-17T16:55:57.942456" elapsed="0.133098"/>
</kw>
<kw name="Click Button" owner="SeleniumLibrary">
<msg time="2025-11-17T16:55:58.076551" level="INFO">Clicking button 'css:button[cid="wc"]'.</msg>
<arg>css:button[cid="wc"]</arg>
<doc>Clicks the button identified by ``locator``.</doc>
<status status="PASS" start="2025-11-17T16:55:58.075554" elapsed="0.132877"/>
</kw>
<arg>${WITHDRAW_NEGATIVE}</arg>
<doc>พยายามถอนเงินด้วยจำนวน ${amount}</doc>
<status status="PASS" start="2025-11-17T16:55:57.873914" elapsed="0.334517"/>
</kw>
<kw name="Wait Until Page Contains" owner="SeleniumLibrary">
<arg>${POSITIVE_AMOUNT_ERROR_MSG}</arg>
<arg>10s</arg>
<doc>Waits until ``text`` appears on the current page.</doc>
<status status="PASS" start="2025-11-17T16:55:58.209431" elapsed="0.015008"/>
</kw>
<kw name="Sleep" owner="BuiltIn">
<msg time="2025-11-17T16:55:58.725668" level="INFO">Slept 500 milliseconds.</msg>
<arg>0.5s</arg>
<doc>Pauses the test executed for the given time.</doc>
<status status="PASS" start="2025-11-17T16:55:58.225438" elapsed="0.500230"/>
</kw>
<kw name="Get Displayed Balance">
<kw name="Wait Until Keyword Succeeds" owner="BuiltIn">
<kw name="Get Balance Once">
<kw name="Wait Until Page Contains Element" owner="SeleniumLibrary">
<arg>xpath=//h2[normalize-space(.)="Balance:"]/following-sibling::h1[1]</arg>
<arg>10s</arg>
<doc>Waits until the element ``locator`` appears on the current page.</doc>
<status status="PASS" start="2025-11-17T16:55:58.727693" elapsed="0.015017"/>
</kw>
<kw name="Get Text" owner="SeleniumLibrary">
<msg time="2025-11-17T16:55:58.771240" level="INFO">${text} = 3170</msg>
<var>${text}</var>
<arg>xpath=//h2[normalize-space(.)="Balance:"]/following-sibling::h1[1]</arg>
<doc>Returns the text value of the element identified by ``locator``.</doc>
<status status="PASS" start="2025-11-17T16:55:58.742710" elapsed="0.028530"/>
</kw>
<kw name="Convert To Integer" owner="BuiltIn">
<msg time="2025-11-17T16:55:58.772238" level="INFO">${value} = 3170</msg>
<var>${value}</var>
<arg>${text}</arg>
<doc>Converts the given item to an integer number.</doc>
<status status="PASS" start="2025-11-17T16:55:58.771240" elapsed="0.000998"/>
</kw>
<return>
<value>${value}</value>
<status status="PASS" start="2025-11-17T16:55:58.772238" elapsed="0.000000"/>
</return>
<doc>อ่านค่า Balance จากหน้า UI</doc>
<status status="PASS" start="2025-11-17T16:55:58.727693" elapsed="0.044545"/>
</kw>
<msg time="2025-11-17T16:55:58.773236" level="INFO">${value} = 3170</msg>
<var>${value}</var>
<arg>3x</arg>
<arg>0.5s</arg>
<arg>Get Balance Once</arg>
<doc>Runs the specified keyword and retries if it fails.</doc>
<status status="PASS" start="2025-11-17T16:55:58.726689" elapsed="0.046547"/>
</kw>
<return>
<value>${value}</value>
<status status="PASS" start="2025-11-17T16:55:58.773236" elapsed="0.000000"/>
</return>
<msg time="2025-11-17T16:55:58.773236" level="INFO">${after_withdraw} = 3170</msg>
<var>${after_withdraw}</var>
<doc>อ่าน Balance โดย retry กรณี DOM ถูก re-render กัน StaleElementReferenceException</doc>
<status status="PASS" start="2025-11-17T16:55:58.726689" elapsed="0.046547"/>
</kw>
<kw name="Should Be Equal As Integers" owner="BuiltIn">
<arg>${after_withdraw}</arg>
<arg>${expected_after_deposit}</arg>
<doc>Fails if objects are unequal after converting them to integers.</doc>
<status status="PASS" start="2025-11-17T16:55:58.774239" elapsed="0.000000"/>
</kw>
<kw name="Sleep" owner="BuiltIn">
<msg time="2025-11-17T16:55:59.275355" level="INFO">Slept 500 milliseconds.</msg>
<arg>0.5s</arg>
<doc>Pauses the test executed for the given time.</doc>
<status status="PASS" start="2025-11-17T16:55:58.775238" elapsed="0.500117"/>
</kw>
<kw name="Capture Page Screenshot" owner="SeleniumLibrary">
<msg time="2025-11-17T16:55:59.426844" level="INFO" html="true">&lt;/td&gt;&lt;/tr&gt;&lt;tr&gt;&lt;td colspan="3"&gt;&lt;a href="screenshots/TC8-03-Withdraw%E0%B8%95%E0%B8%B4%E0%B8%94%E0%B8%A5%E0%B8%9A.png"&gt;&lt;img src="screenshots/TC8-03-Withdraw%E0%B8%95%E0%B8%B4%E0%B8%94%E0%B8%A5%E0%B8%9A.png" width="800px"&gt;&lt;/a&gt;</msg>
<arg>screenshots/TC8-03-Withdrawติดลบ.png</arg>
<doc>Takes a screenshot of the current page and embeds it into a log file.</doc>
<status status="PASS" start="2025-11-17T16:55:59.276371" elapsed="0.150473"/>
</kw>
<kw name="Transfer Amount">
<kw name="Wait Until Page Contains" owner="SeleniumLibrary">
<arg>Transfer</arg>
<arg>10s</arg>
<doc>Waits until ``text`` appears on the current page.</doc>
<status status="PASS" start="2025-11-17T16:55:59.430852" elapsed="0.020524"/>
</kw>
<kw name="Clear Element Text" owner="SeleniumLibrary">
<arg>id=accountId</arg>
<doc>Clears the value of the text-input-element identified by ``locator``.</doc>
<status status="PASS" start="2025-11-17T16:55:59.451376" elapsed="0.099546"/>
</kw>
<kw name="Input Text" owner="SeleniumLibrary">
<msg time="2025-11-17T16:55:59.551938" level="INFO">Typing text '1234567891' into text field 'id=accountId'.</msg>
<arg>id=accountId</arg>
<arg>${target_account_id}</arg>
<doc>Types the given ``text`` into the text field identified by ``locator``.</doc>
<status status="PASS" start="2025-11-17T16:55:59.550922" elapsed="0.127142"/>
</kw>
<kw name="Wait Until Page Contains Element" owner="SeleniumLibrary">
<arg>css:input[cid="t2"]</arg>
<arg>10s</arg>
<doc>Waits until the element ``locator`` appears on the current page.</doc>
<status status="PASS" start="2025-11-17T16:55:59.678064" elapsed="0.011605"/>
</kw>
<kw name="Clear Element Text" owner="SeleniumLibrary">
<arg>css:input[cid="t2"]</arg>
<doc>Clears the value of the text-input-element identified by ``locator``.</doc>
<status status="PASS" start="2025-11-17T16:55:59.689669" elapsed="0.040729"/>
</kw>
<kw name="Input Text" owner="SeleniumLibrary">
<msg time="2025-11-17T16:55:59.731402" level="INFO">Typing text '50' into text field 'css:input[cid="t2"]'.</msg>
<arg>css:input[cid="t2"]</arg>
<arg>${amount}</arg>
<doc>Types the given ``text`` into the text field identified by ``locator``.</doc>
<status status="PASS" start="2025-11-17T16:55:59.731402" elapsed="0.115159"/>
</kw>
<kw name="Click Button" owner="SeleniumLibrary">
[...]
<msg time="2025-11-17T16:56:07.855457" level="INFO">Clicking button 'css:button[cid="lc"]'.</msg>
<arg>css:button[cid="lc"]</arg>
<doc>Clicks the button identified by ``locator``.</doc>
<status status="PASS" start="2025-11-17T16:56:07.855457" elapsed="0.098142"/>
</kw>
<kw name="Wait Until Page Contains" owner="SeleniumLibrary">
<arg>Account ID:</arg>
<arg>10s</arg>
<doc>Waits until ``text`` appears on the current page.</doc>
<status status="PASS" start="2025-11-17T16:56:07.954601" elapsed="0.446173"/>
</kw>
<doc>ใช้ accountId/password ที่ valid ในระบบ</doc>
<status status="PASS" start="2025-11-17T16:56:07.502148" elapsed="0.898626"/>
</kw>
<kw name="Get Displayed Balance">
<kw name="Wait Until Keyword Succeeds" owner="BuiltIn">
<kw name="Get Balance Once">
<kw name="Wait Until Page Contains Element" owner="SeleniumLibrary">
<arg>xpath=//h2[normalize-space(.)="Balance:"]/following-sibling::h1[1]</arg>
<arg>10s</arg>
<doc>Waits until the element ``locator`` appears on the current page.</doc>
<status status="PASS" start="2025-11-17T16:56:08.404767" elapsed="0.016004"/>
</kw>
<kw name="Get Text" owner="SeleniumLibrary">
<msg time="2025-11-17T16:56:08.550231" level="INFO">${text} = 3170</msg>
<var>${text}</var>
<arg>xpath=//h2[normalize-space(.)="Balance:"]/following-sibling::h1[1]</arg>
<doc>Returns the text value of the element identified by ``locator``.</doc>
<status status="PASS" start="2025-11-17T16:56:08.420771" elapsed="0.129460"/>
</kw>
<kw name="Convert To Integer" owner="BuiltIn">
<msg time="2025-11-17T16:56:08.551231" level="INFO">${value} = 3170</msg>
<var>${value}</var>
<arg>${text}</arg>
<doc>Converts the given item to an integer number.</doc>
<status status="PASS" start="2025-11-17T16:56:08.550231" elapsed="0.001000"/>
</kw>
<return>
<value>${value}</value>
<status status="PASS" start="2025-11-17T16:56:08.551231" elapsed="0.000000"/>
</return>
<doc>อ่านค่า Balance จากหน้า UI</doc>
<status status="PASS" start="2025-11-17T16:56:08.403767" elapsed="0.148463"/>
</kw>
<msg time="2025-11-17T16:56:08.552230" level="INFO">${value} = 3170</msg>
<var>${value}</var>
<arg>3x</arg>
<arg>0.5s</arg>
<arg>Get Balance Once</arg>
<doc>Runs the specified keyword and retries if it fails.</doc>
<status status="PASS" start="2025-11-17T16:56:08.402780" elapsed="0.149450"/>
</kw>
<return>
<value>${value}</value>
<status status="PASS" start="2025-11-17T16:56:08.552230" elapsed="0.000000"/>
</return>
<msg time="2025-11-17T16:56:08.552230" level="INFO">${before} = 3170</msg>
<var>${before}</var>
<doc>อ่าน Balance โดย retry กรณี DOM ถูก re-render กัน StaleElementReferenceException</doc>
<status status="PASS" start="2025-11-17T16:56:08.402780" elapsed="0.149450"/>
</kw>
<kw name="Deposit Amount">
<kw name="Wait Until Page Contains Element" owner="SeleniumLibrary">
<arg>css:input[cid="d1"]</arg>
<arg>10s</arg>
<doc>Waits until the element ``locator`` appears on the current page.</doc>
<status status="PASS" start="2025-11-17T16:56:08.555230" elapsed="0.009003"/>
</kw>
<kw name="Clear Element Text" owner="SeleniumLibrary">
<arg>css:input[cid="d1"]</arg>
<doc>Clears the value of the text-input-element identified by ``locator``.</doc>
<status status="PASS" start="2025-11-17T16:56:08.564233" elapsed="0.046567"/>
</kw>
<kw name="Input Text" owner="SeleniumLibrary">
<msg time="2025-11-17T16:56:08.611801" level="INFO">Typing text '100' into text field 'css:input[cid="d1"]'.</msg>
<arg>css:input[cid="d1"]</arg>
<arg>${amount}</arg>
<doc>Types the given ``text`` into the text field identified by ``locator``.</doc>
<status status="PASS" start="2025-11-17T16:56:08.610800" elapsed="0.092569"/>
</kw>
<kw name="Click Button" owner="SeleniumLibrary">
<msg time="2025-11-17T16:56:08.704375" level="INFO">Clicking button 'css:button[cid="dc"]'.</msg>
<arg>css:button[cid="dc"]</arg>
<doc>Clicks the button identified by ``locator``.</doc>
<status status="PASS" start="2025-11-17T16:56:08.704375" elapsed="0.140607"/>
</kw>
<arg>${DEPOSIT_AMOUNT}</arg>
<doc>ฝากเงินด้วยจำนวน ${amount}</doc>
<status status="PASS" start="2025-11-17T16:56:08.554237" elapsed="0.291410"/>
</kw>
<kw name="Evaluate" owner="BuiltIn">
<msg time="2025-11-17T16:56:08.855028" level="INFO">${expected_after_deposit} = 3270</msg>
<var>${expected_after_deposit}</var>
<arg>${before} + ${DEPOSIT_AMOUNT}</arg>
<doc>Evaluates the given expression in Python and returns the result.</doc>
<status status="PASS" start="2025-11-17T16:56:08.854516" elapsed="0.000512"/>
</kw>
<kw name="Wait For Balance To Equal">
<kw name="Wait Until Keyword Succeeds" owner="BuiltIn">
<kw name="Balance Should Be">
<kw name="Get Displayed Balance">
<kw name="Wait Until Keyword Succeeds" owner="BuiltIn">
<kw name="Get Balance Once">
<kw name="Wait Until Page Contains Element" owner="SeleniumLibrary">
<arg>xpath=//h2[normalize-space(.)="Balance:"]/following-sibling::h1[1]</arg>
<arg>10s</arg>
<doc>Waits until the element ``locator`` appears on the current page.</doc>
<status status="PASS" start="2025-11-17T16:56:08.858046" elapsed="0.012152"/>
</kw>
<kw name="Get Text" owner="SeleniumLibrary">
<msg time="2025-11-17T16:56:08.889217" level="INFO">${text} = 3170</msg>
<var>${text}</var>
<arg>xpath=//h2[normalize-space(.)="Balance:"]/following-sibling::h1[1]</arg>
<doc>Returns the text value of the element identified by ``locator``.</doc>
<status status="PASS" start="2025-11-17T16:56:08.870198" elapsed="0.019019"/>
</kw>
<kw name="Convert To Integer" owner="BuiltIn">
<msg time="2025-11-17T16:56:08.890214" level="INFO">${value} = 3170</msg>
<var>${value}</var>
<arg>${text}</arg>
<doc>Converts the given item to an integer number.</doc>
<status status="PASS" start="2025-11-17T16:56:08.890214" elapsed="0.000000"/>
</kw>
<return>
<value>${value}</value>
<status status="PASS" start="2025-11-17T16:56:08.890214" elapsed="0.000000"/>
</return>
<doc>อ่านค่า Balance จากหน้า UI</doc>
<status status="PASS" start="2025-11-17T16:56:08.858046" elapsed="0.032168"/>
</kw>
<msg time="2025-11-17T16:56:08.891214" level="INFO">${value} = 3170</msg>
<var>${value}</var>
<arg>3x</arg>
<arg>0.5s</arg>
<arg>Get Balance Once</arg>
<doc>Runs the specified keyword and retries if it fails.</doc>
<status status="PASS" start="2025-11-17T16:56:08.858046" elapsed="0.033168"/>
</kw>
<return>
<value>${value}</value>
<status status="PASS" start="2025-11-17T16:56:08.891214" elapsed="0.000000"/>
</return>
<msg time="2025-11-17T16:56:08.891214" level="INFO">${current} = 3170</msg>
<var>${current}</var>
<doc>อ่าน Balance โดย retry กรณี DOM ถูก re-render กัน StaleElementReferenceException</doc>
<status status="PASS" start="2025-11-17T16:56:08.857037" elapsed="0.034177"/>
</kw>
<kw name="Should Be Equal As Integers" owner="BuiltIn">
<msg time="2025-11-17T16:56:08.891728" level="FAIL">3170 != 3270</msg>
<arg>${current}</arg>
<arg>${expected}</arg>
<doc>Fails if objects are unequal after converting them to integers.</doc>
<status status="FAIL" start="2025-11-17T16:56:08.891728" elapsed="0.000000">3170 != 3270</status>
</kw>
<arg>${expected}</arg>
<status status="FAIL" start="2025-11-17T16:56:08.856041" elapsed="0.035687">3170 != 3270</status>
</kw>
<kw name="Balance Should Be">
<kw name="Get Displayed Balance">
<kw name="Wait Until Keyword Succeeds" owner="BuiltIn">
<kw name="Get Balance Once">
<kw name="Wait Until Page Contains Element" owner="SeleniumLibrary">
<arg>xpath=//h2[normalize-space(.)="Balance:"]/following-sibling::h1[1]</arg>
<arg>10s</arg>
<doc>Waits until the element ``locator`` appears on the current page.</doc>
<status status="PASS" start="2025-11-17T16:56:09.396032" elapsed="0.020009"/>
</kw>
<kw name="Get Text" owner="SeleniumLibrary">
<msg time="2025-11-17T16:56:09.442033" level="INFO">${text} = 3270</msg>
<var>${text}</var>
<arg>xpath=//h2[normalize-space(.)="Balance:"]/following-sibling::h1[1]</arg>
<doc>Returns the text value of the element identified by ``locator``.</doc>
<status status="PASS" start="2025-11-17T16:56:09.416041" elapsed="0.027000"/>
</kw>
<kw name="Convert To Integer" owner="BuiltIn">
<msg time="2025-11-17T16:56:09.443041" level="INFO">${value} = 3270</msg>
<var>${value}</var>
<arg>${text}</arg>
<doc>Converts the given item to an integer number.</doc>
<status status="PASS" start="2025-11-17T16:56:09.443041" elapsed="0.000000"/>
</kw>
<return>
<value>${value}</value>
<status status="PASS" start="2025-11-17T16:56:09.443041" elapsed="0.000000"/>
</return>
<doc>อ่านค่า Balance จากหน้า UI</doc>
<status status="PASS" start="2025-11-17T16:56:09.395031" elapsed="0.048010"/>
</kw>
<msg time="2025-11-17T16:56:09.444030" level="INFO">${value} = 3270</msg>
<var>${value}</var>
<arg>3x</arg>
<arg>0.5s</arg>
<arg>Get Balance Once</arg>
<doc>Runs the specified keyword and retries if it fails.</doc>
<status status="PASS" start="2025-11-17T16:56:09.394045" elapsed="0.049985"/>
</kw>
<return>
<value>${value}</value>
<status status="PASS" start="2025-11-17T16:56:09.444030" elapsed="0.000000"/>
</return>
<msg time="2025-11-17T16:56:09.444030" level="INFO">${current} = 3270</msg>
<var>${current}</var>
<doc>อ่าน Balance โดย retry กรณี DOM ถูก re-render กัน StaleElementReferenceException</doc>
<status status="PASS" start="2025-11-17T16:56:09.394045" elapsed="0.049985"/>
</kw>
<kw name="Should Be Equal As Integers" owner="BuiltIn">
<arg>${current}</arg>
<arg>${expected}</arg>
<doc>Fails if objects are unequal after converting them to integers.</doc>
<status status="PASS" start="2025-11-17T16:56:09.444030" elapsed="0.000000"/>
</kw>
<arg>${expected}</arg>
<status status="PASS" start="2025-11-17T16:56:09.392020" elapsed="0.053010"/>
</kw>
<arg>5x</arg>
<arg>0.5s</arg>
<arg>Balance Should Be</arg>
<arg>${expected}</arg>
<doc>Runs the specified keyword and retries if it fails.</doc>
<status status="PASS" start="2025-11-17T16:56:08.856041" elapsed="0.588989"/>
</kw>
<arg>${expected_after_deposit}</arg>
<status status="PASS" start="2025-11-17T16:56:08.856041" elapsed="0.588989"/>
</kw>
<kw name="Sleep" owner="BuiltIn">
<msg time="2025-11-17T16:56:09.946635" level="INFO">Slept 500 milliseconds.</msg>
<arg>0.5s</arg>
<doc>Pauses the test executed for the given time.</doc>
<status status="PASS" start="2025-11-17T16:56:09.445030" elapsed="0.501605"/>
</kw>
<kw name="Capture Page Screenshot" owner="SeleniumLibrary">
<msg time="2025-11-17T16:56:10.088369" level="INFO" html="true">&lt;/td&gt;&lt;/tr&gt;&lt;tr&gt;&lt;td colspan="3"&gt;&lt;a href="screenshots/TC8-05-Deposit100valid.png"&gt;&lt;img src="screenshots/TC8-05-Deposit100valid.png" width="800px"&gt;&lt;/a&gt;</msg>
<arg>screenshots/TC8-05-Deposit100valid.png</arg>
<doc>Takes a screenshot of the current page and embeds it into a log file.</doc>
<status status="PASS" start="2025-11-17T16:56:09.947656" elapsed="0.140713"/>
</kw>
<kw name="Withdraw Amount">
<kw name="Wait Until Page Contains Element" owner="SeleniumLibrary">
<arg>css:input[cid="w1"]</arg>
<arg>10s</arg>
<doc>Waits until the element ``locator`` appears on the current page.</doc>
<status status="PASS" start="2025-11-17T16:56:10.092360" elapsed="0.011219"/>
</kw>
<kw name="Clear Element Text" owner="SeleniumLibrary">
<arg>css:input[cid="w1"]</arg>
<doc>Clears the value of the text-input-element identified by ``locator``.</doc>
<status status="PASS" start="2025-11-17T16:56:10.103579" elapsed="0.038003"/>
</kw>
<kw name="Input Text" owner="SeleniumLibrary">
<msg time="2025-11-17T16:56:10.142584" level="INFO">Typing text '3e7' into text field 'css:input[cid="w1"]'.</msg>
<arg>css:input[cid="w1"]</arg>
<arg>${amount}</arg>
<doc>Types the given ``text`` into the text field identified by ``locator``.</doc>
<status status="PASS" start="2025-11-17T16:56:10.141582" elapsed="0.097216"/>
</kw>
<kw name="Click Button" owner="SeleniumLibrary">
<msg time="2025-11-17T16:56:10.240785" level="INFO">Clicking button 'css:button[cid="wc"]'.</msg>
<arg>css:button[cid="wc"]</arg>
<doc>Clicks the button identified by ``locator``.</doc>
<status status="PASS" start="2025-11-17T16:56:10.239787" elapsed="0.130122"/>
</kw>
<arg>${WITHDRAW_ALPHANUM}</arg>
<doc>พยายามถอนเงินด้วยจำนวน ${amount}</doc>
<status status="PASS" start="2025-11-17T16:56:10.091360" elapsed="0.278549"/>
</kw>
<kw name="Sleep" owner="BuiltIn">
<msg time="2025-11-17T16:56:10.873216" level="INFO">Slept 500 milliseconds.</msg>
<arg>0.5s</arg>
<doc>Pauses the test executed for the given time.</doc>
<status status="PASS" start="2025-11-17T16:56:10.372914" elapsed="0.500302"/>
</kw>
<kw name="Get Displayed Balance">
<kw name="Wait Until Keyword Succeeds" owner="BuiltIn">
<kw name="Get Balance Once">
<kw name="Wait Until Page Contains Element" owner="SeleniumLibrary">
<arg>xpath=//h2[normalize-space(.)="Balance:"]/following-sibling::h1[1]</arg>
<arg>10s</arg>
<doc>Waits until the element ``locator`` appears on the current page.</doc>
<status status="PASS" start="2025-11-17T16:56:10.876228" elapsed="0.029554"/>
</kw>
<kw name="Get Text" owner="SeleniumLibrary">
<msg time="2025-11-17T16:56:10.927779" level="INFO">${text} = 3267</msg>
<var>${text}</var>
<arg>xpath=//h2[normalize-space(.)="Balance:"]/following-sibling::h1[1]</arg>
<doc>Returns the text value of the element identified by ``locator``.</doc>
<status status="PASS" start="2025-11-17T16:56:10.905782" elapsed="0.021997"/>
</kw>
<kw name="Convert To Integer" owner="BuiltIn">
<msg time="2025-11-17T16:56:10.928774" level="INFO">${value} = 3267</msg>
<var>${value}</var>
<arg>${text}</arg>
<doc>Converts the given item to an integer number.</doc>
<status status="PASS" start="2025-11-17T16:56:10.927779" elapsed="0.000995"/>
</kw>
<return>
<value>${value}</value>
<status status="PASS" start="2025-11-17T16:56:10.928774" elapsed="0.000000"/>
</return>
<doc>อ่านค่า Balance จากหน้า UI</doc>
<status status="PASS" start="2025-11-17T16:56:10.876228" elapsed="0.052546"/>
</kw>
<msg time="2025-11-17T16:56:10.928774" level="INFO">${value} = 3267</msg>
<var>${value}</var>
<arg>3x</arg>
<arg>0.5s</arg>
<arg>Get Balance Once</arg>
<doc>Runs the specified keyword and retries if it fails.</doc>
<status status="PASS" start="2025-11-17T16:56:10.875231" elapsed="0.053543"/>
</kw>
<return>
<value>${value}</value>
<status status="PASS" start="2025-11-17T16:56:10.928774" elapsed="0.000000"/>
</return>
<msg time="2025-11-17T16:56:10.928774" level="INFO">${after_withdraw} = 3267</msg>
<var>${after_withdraw}</var>
<doc>อ่าน Balance โดย retry กรณี DOM ถูก re-render กัน StaleElementReferenceException</doc>
<status status="PASS" start="2025-11-17T16:56:10.874232" elapsed="0.054542"/>
</kw>
<kw name="Should Be Equal As Integers" owner="BuiltIn">
<msg time="2025-11-17T16:56:10.929774" level="FAIL">3267 != 3270</msg>
<arg>${after_withdraw}</arg>
<arg>${expected_after_deposit}</arg>
<doc>Fails if objects are unequal after converting them to integers.</doc>
<status status="FAIL" start="2025-11-17T16:56:10.929774" elapsed="0.000000">3267 != 3270</status>
</kw>
<kw name="Sleep" owner="BuiltIn">
<arg>0.5s</arg>
<doc>Pauses the test executed for the given time.</doc>
<status status="NOT RUN" start="2025-11-17T16:56:10.930781" elapsed="0.000000"/>
</kw>
<kw name="Capture Page Screenshot" owner="SeleniumLibrary">
<arg>screenshots/TC8-05-Withdrawมีตัวอักษร.png</arg>
<doc>Takes a screenshot of the current page and embeds it into a log file.</doc>
<status status="NOT RUN" start="2025-11-17T16:56:10.930781" elapsed="0.000000"/>
</kw>
<kw name="Transfer Amount">
<arg>${TARGET_ACCOUNT_ID}</arg>
<arg>${TRANSFER_AMOUNT}</arg>
<doc>โอน ${amount} ไปยังบัญชีเป้าหมาย 1234567891</doc>
<status status="NOT RUN" start="2025-11-17T16:56:10.932776" elapsed="0.000000"/>
</kw>
<kw name="Evaluate" owner="BuiltIn">
<var>${expected_after_transfer}</var>
<arg>${expected_after_deposit} - ${TRANSFER_AMOUNT}</arg>
<doc>Evaluates the given expression in Python and returns the result.</doc>
<status status="NOT RUN" start="2025-11-17T16:56:10.933777" elapsed="0.000000"/>
</kw>
<kw name="Wait For Balance To Equal">
<arg>${expected_after_transfer}</arg>
<status status="NOT RUN" start="2025-11-17T16:56:10.934780" elapsed="0.000000"/>
</kw>
<kw name="Sleep" owner="BuiltIn">
<arg>0.5s</arg>
<doc>Pauses the test executed for the given time.</doc>
<status status="NOT RUN" start="2025-11-17T16:56:10.934780" elapsed="0.000000"/>
</kw>
<kw name="Capture Page Screenshot" owner="SeleniumLibrary">
<arg>screenshots/TC8-05-Transfer50valid.png</arg>
<doc>Takes a screenshot of the current page and embeds it into a log file.</doc>
<status status="NOT RUN" start="2025-11-17T16:56:10.935784" elapsed="0.000000"/>
</kw>
<kw name="Capture Screenshot For Test" type="TEARDOWN">
<kw name="Set Variable" owner="BuiltIn">
<msg time="2025-11-17T16:56:10.936777" level="INFO">${status} = FAIL</msg>
<var>${status}</var>
<arg>${TEST STATUS}</arg>
<doc>Returns the given values which can then be assigned to a variables.</doc>
<status status="PASS" start="2025-11-17T16:56:10.936777" elapsed="0.000000"/>
</kw>
<kw name="Set Variable" owner="BuiltIn">
<msg time="2025-11-17T16:56:10.937784" level="INFO">${name} = TC8-05 Withdraw With Alphabetic Characters</msg>
<var>${name}</var>
<arg>${TEST NAME}</arg>
<doc>Returns the given values which can then be assigned to a variables.</doc>
<status status="PASS" start="2025-11-17T16:56:10.936777" elapsed="0.001007"/>
</kw>
<kw name="Execute Javascript" owner="SeleniumLibrary">
<msg time="2025-11-17T16:56:10.937784" level="INFO">Executing JavaScript:
window.scrollTo(0,0);
Without any arguments.</msg>
<arg>window.scrollTo(0,0);</arg>
<doc>Executes the given JavaScript code with possible arguments.</doc>
<status status="PASS" start="2025-11-17T16:56:10.937784" elapsed="0.007997"/>
</kw>
<kw name="Run Keyword If" owner="BuiltIn">
<arg>'${status}' == 'PASS' and '${CAPTURE_ON_PASS}' == 'True'</arg>
<arg>Capture Page Screenshot</arg>
<arg>${SCREENSHOT_DIR}${/}PASS_${name}-scroll.png</arg>
<doc>Runs the given keyword with the given arguments, if ``condition`` is true.</doc>
<status status="PASS" start="2025-11-17T16:56:10.945781" elapsed="0.000000"/>
</kw>
<kw name="Run Keyword If" owner="BuiltIn">
<kw name="Capture Page Screenshot" owner="SeleniumLibrary">
<msg time="2025-11-17T16:56:11.081316" level="INFO" html="true">&lt;/td&gt;&lt;/tr&gt;&lt;tr&gt;&lt;td colspan="3"&gt;&lt;a href="screenshots/FAIL_TC8-05%20Withdraw%20With%20Alphabetic%20Characters-scroll.png"&gt;&lt;img src="screenshots/FAIL_TC8-05%20Withdraw%20With%20Alphabetic%20Characters-scroll.png" width="800px"&gt;&lt;/a&gt;</msg>
<arg>${SCREENSHOT_DIR}${/}FAIL_${name}-scroll.png</arg>
<doc>Takes a screenshot of the current page and embeds it into a log file.</doc>
<status status="PASS" start="2025-11-17T16:56:10.946774" elapsed="0.134542"/>
</kw>
<arg>'${status}' == 'FAIL'</arg>
<arg>Capture Page Screenshot</arg>
<arg>${SCREENSHOT_DIR}${/}FAIL_${name}-scroll.png</arg>
<doc>Runs the given keyword with the given arguments, if ``condition`` is true.</doc>
<status status="PASS" start="2025-11-17T16:56:10.945781" elapsed="0.135535"/>
</kw>
<doc>จับ Screenshot ทุกครั้งที่จบเทสต์</doc>
<status status="PASS" start="2025-11-17T16:56:10.935784" elapsed="0.146530"/>
</kw>
<doc>Scenario 8 / TC8-05:
Login ผ่าน แล้ว Deposit 100 valid แล้ว Withdraw 3WOJA7 (มีตัวอักษร) แล้ว Transfer 50 valid</doc>
<status status="FAIL" start="2025-11-17T16:56:07.500141" elapsed="3.582173">3267 != 3270</status>
</test>
<kw name="Close Browser" owner="SeleniumLibrary" type="TEARDOWN">
<doc>Closes the current browser.</doc>
<status status="PASS" start="2025-11-17T16:56:11.084330" elapsed="2.312799"/>
</kw>
<doc>CU Bank UI tests for Login, Deposit, Withdraw (insufficient funds) and Transfer.
รวมทั้ง Scenario 8 : Login ผ่าน ฝากเงินผ่าน ถอนเงินไม่ผ่าน (เงินไม่พอ) โอนเงินผ่าน</doc>
<status status="FAIL" start="2025-11-17T16:55:40.328225" elapsed="33.068904"/>
</suite>
<statistics>
<total>
<stat pass="4" fail="1" skip="0">All Tests</stat>
</total>
<tag>
</tag>
<suite>
<stat pass="4" fail="1" skip="0" id="s1" name="Scenario-8">Scenario-8</stat>
</suite>
</statistics>
<errors>
</errors>
</robot>
